{
  "stats": {
    "suites": 12,
    "tests": 41,
    "passes": 25,
    "pending": 0,
    "failures": 16,
    "start": "2021-10-26T07:51:06.109Z",
    "end": "2021-10-26T07:53:47.753Z",
    "duration": 161644,
    "testsRegistered": 41,
    "passPercent": 60.97560975609756,
    "pendingPercent": 0,
    "other": 0,
    "hasOther": false,
    "skipped": 0,
    "hasSkipped": false
  },
  "results": [
    {
      "uuid": "4756e8b6-a99d-4d13-9f6b-e24197826e72",
      "title": "",
      "fullFile": "cypress/integration/project.spec.js",
      "file": "cypress/integration/project.spec.js",
      "beforeHooks": [],
      "afterHooks": [],
      "tests": [],
      "suites": [
        {
          "uuid": "95c421c8-2288-4f77-b992-7b063aa69cce",
          "title": "1 - Adicione à página o título \"Paleta de Cores\".",
          "fullFile": "",
          "file": "",
          "beforeHooks": [],
          "afterHooks": [],
          "tests": [
            {
              "title": "Verifica se contém um elemento `h1` com o id `title` com o título correto",
              "fullTitle": "1 - Adicione à página o título \"Paleta de Cores\". Verifica se contém um elemento `h1` com o id `title` com o título correto",
              "timedOut": null,
              "duration": 1583,
              "state": "passed",
              "speed": "slow",
              "pass": true,
              "fail": false,
              "pending": false,
              "context": null,
              "code": "cy.get('h1#title').should('contain.text', 'Paleta de Cores');",
              "err": {},
              "uuid": "28fcc954-8f4b-45dd-ace9-865771ecd797",
              "parentUUID": "95c421c8-2288-4f77-b992-7b063aa69cce",
              "isHook": false,
              "skipped": false
            }
          ],
          "suites": [],
          "passes": [
            "28fcc954-8f4b-45dd-ace9-865771ecd797"
          ],
          "failures": [],
          "pending": [],
          "skipped": [],
          "duration": 1583,
          "root": false,
          "rootEmpty": false,
          "_timeout": 2000
        },
        {
          "uuid": "8efa0f19-006f-4993-9fa4-7a7c2e7e1578",
          "title": "2 - Adicione à página uma paleta de quatro cores distintas.",
          "fullFile": "",
          "file": "",
          "beforeHooks": [],
          "afterHooks": [],
          "tests": [
            {
              "title": "A paleta de cores deve ser um elemento com `id` denominado `color-palette`",
              "fullTitle": "2 - Adicione à página uma paleta de quatro cores distintas. A paleta de cores deve ser um elemento com `id` denominado `color-palette`",
              "timedOut": null,
              "duration": 1229,
              "state": "passed",
              "speed": "slow",
              "pass": true,
              "fail": false,
              "pending": false,
              "context": null,
              "code": "cy.get('#color-palette').should('be.visible');\ncy.get('#color-palette').children('.color');",
              "err": {},
              "uuid": "2e137baa-961f-4f01-bb6c-02e9cbc36305",
              "parentUUID": "8efa0f19-006f-4993-9fa4-7a7c2e7e1578",
              "isHook": false,
              "skipped": false
            },
            {
              "title": "Verifica se cada cor individual da paleta de cores possui a `classe` chamada `color`.",
              "fullTitle": "2 - Adicione à página uma paleta de quatro cores distintas. Verifica se cada cor individual da paleta de cores possui a `classe` chamada `color`.",
              "timedOut": null,
              "duration": 1360,
              "state": "passed",
              "speed": "slow",
              "pass": true,
              "fail": false,
              "pending": false,
              "context": null,
              "code": "cy.get('.color').should('have.length', 4).then(function (colors) {\n  for (var i = 0; i < colors.length; i++) {\n    cy.wrap(colors[i]).should('be.visible');\n  }\n});",
              "err": {},
              "uuid": "75b01e90-4d34-4651-9a4f-6bb9763d187b",
              "parentUUID": "8efa0f19-006f-4993-9fa4-7a7c2e7e1578",
              "isHook": false,
              "skipped": false
            },
            {
              "title": "Verifica se a cor de fundo de cada elemento da paleta é a cor que o elemento representa. **A única cor não permitida na paleta é a cor branca.**",
              "fullTitle": "2 - Adicione à página uma paleta de quatro cores distintas. Verifica se a cor de fundo de cada elemento da paleta é a cor que o elemento representa. **A única cor não permitida na paleta é a cor branca.**",
              "timedOut": null,
              "duration": 1042,
              "state": "passed",
              "speed": "slow",
              "pass": true,
              "fail": false,
              "pending": false,
              "context": null,
              "code": "cy.get('.color').each(function (color) {\n  cy.wrap(color).should('have.class', 'color').and('not.have.css', 'background-color', WHITE);\n  cy.wrap(color).should('have.css', 'background-color');\n});",
              "err": {},
              "uuid": "81397515-7e35-49d4-bd16-7e707ff39e6c",
              "parentUUID": "8efa0f19-006f-4993-9fa4-7a7c2e7e1578",
              "isHook": false,
              "skipped": false
            },
            {
              "title": "Verifica se cada elemento da paleta de cores tem uma borda preta, sólida e com 1 pixel de largura;",
              "fullTitle": "2 - Adicione à página uma paleta de quatro cores distintas. Verifica se cada elemento da paleta de cores tem uma borda preta, sólida e com 1 pixel de largura;",
              "timedOut": null,
              "duration": 5233,
              "state": "failed",
              "speed": null,
              "pass": false,
              "fail": true,
              "pending": false,
              "context": null,
              "code": "cy.get('.color').each(function (color) {\n  cy.wrap(color).and('have.css', 'border', \"1px solid \".concat(BLACK)).and('have.class', 'color');\n});",
              "err": {
                "message": "CypressError: Timed out retrying: expected '<div.color.selected>' to have CSS property 'border' with the value '1px solid rgb(0, 0, 0)', but the value was '1px solid rgba(0, 0, 0, 0)'",
                "estack": "CypressError: Timed out retrying: expected '<div.color.selected>' to have CSS property 'border' with the value '1px solid rgb(0, 0, 0)', but the value was '1px solid rgba(0, 0, 0, 0)'\n    at cypressErr (http://localhost:33393/__cypress/runner/cypress_runner.js:149934:9)\n    at throwErr (http://localhost:33393/__cypress/runner/cypress_runner.js:149867:11)\n    at Object.throwErrByPath (http://localhost:33393/__cypress/runner/cypress_runner.js:149915:3)\n    at retry (http://localhost:33393/__cypress/runner/cypress_runner.js:144197:19)\n    at onFailFn (http://localhost:33393/__cypress/runner/cypress_runner.js:132448:16)\n    at tryCatcher (http://localhost:33393/__cypress/runner/cypress_runner.js:167415:23)\n    at Promise._settlePromiseFromHandler (http://localhost:33393/__cypress/runner/cypress_runner.js:165351:31)\n    at Promise._settlePromise (http://localhost:33393/__cypress/runner/cypress_runner.js:165408:18)\n    at Promise._settlePromise0 (http://localhost:33393/__cypress/runner/cypress_runner.js:165453:10)\n    at Promise._settlePromises (http://localhost:33393/__cypress/runner/cypress_runner.js:165528:18)\n    at Async../node_modules/bluebird/js/release/async.js.Async._drainQueue (http://localhost:33393/__cypress/runner/cypress_runner.js:162140:16)\n    at Async../node_modules/bluebird/js/release/async.js.Async._drainQueues (http://localhost:33393/__cypress/runner/cypress_runner.js:162150:10)\n    at Async.drainQueues (http://localhost:33393/__cypress/runner/cypress_runner.js:162024:14)",
                "diff": null
              },
              "uuid": "8dd392c7-a21e-4c1a-8ece-0a369ca85bbf",
              "parentUUID": "8efa0f19-006f-4993-9fa4-7a7c2e7e1578",
              "isHook": false,
              "skipped": false
            },
            {
              "title": "Verifica se a paleta lista todas as cores disponíveis para utilização, lado a lado.",
              "fullTitle": "2 - Adicione à página uma paleta de quatro cores distintas. Verifica se a paleta lista todas as cores disponíveis para utilização, lado a lado.",
              "timedOut": null,
              "duration": 2483,
              "state": "passed",
              "speed": "slow",
              "pass": true,
              "fail": false,
              "pending": false,
              "context": null,
              "code": "cy.get('.color').then(function (colors) {\n  for (var index = 1; index < colors.length; index += 1) {\n    var currentColor = colors[index];\n    var previousColor = colors[index - 1];\n    cy.wrap(currentColor).should('be.onTheRightOf', previousColor).and('be.horizontallyAlignedWith', previousColor);\n  }\n});",
              "err": {},
              "uuid": "0c21deba-3e6c-4c30-9a7f-06137826e0a0",
              "parentUUID": "8efa0f19-006f-4993-9fa4-7a7c2e7e1578",
              "isHook": false,
              "skipped": false
            },
            {
              "title": "Verifica se a paleta de cores está posicionada abaixo do título 'Paleta de Cores'",
              "fullTitle": "2 - Adicione à página uma paleta de quatro cores distintas. Verifica se a paleta de cores está posicionada abaixo do título 'Paleta de Cores'",
              "timedOut": null,
              "duration": 871,
              "state": "passed",
              "speed": "slow",
              "pass": true,
              "fail": false,
              "pending": false,
              "context": null,
              "code": "cy.get('h1#title').then(function (title) {\n  cy.get('#color-palette').should('be.belowOf', title);\n});",
              "err": {},
              "uuid": "c457a594-2b32-4481-9736-a847105fcad0",
              "parentUUID": "8efa0f19-006f-4993-9fa4-7a7c2e7e1578",
              "isHook": false,
              "skipped": false
            },
            {
              "title": "Verifica se a paleta de cores não contém cores repetidas.",
              "fullTitle": "2 - Adicione à página uma paleta de quatro cores distintas. Verifica se a paleta de cores não contém cores repetidas.",
              "timedOut": null,
              "duration": 966,
              "state": "passed",
              "speed": "slow",
              "pass": true,
              "fail": false,
              "pending": false,
              "context": null,
              "code": "cy.get('.color').then(function (colors) {\n  var allColors = Array.from(colors).map(function (color) {\n    return Cypress.$(color).css('background-color');\n  });\n  cy.log(allColors);\n  var uniqColors = (0, _toConsumableArray2[\"default\"])(new Set(allColors));\n  cy.log(uniqColors);\n  expect(allColors.length).to.eq(uniqColors.length);\n});",
              "err": {},
              "uuid": "d4a97250-9be2-4ca7-8b1a-dec29b156913",
              "parentUUID": "8efa0f19-006f-4993-9fa4-7a7c2e7e1578",
              "isHook": false,
              "skipped": false
            }
          ],
          "suites": [],
          "passes": [
            "2e137baa-961f-4f01-bb6c-02e9cbc36305",
            "75b01e90-4d34-4651-9a4f-6bb9763d187b",
            "81397515-7e35-49d4-bd16-7e707ff39e6c",
            "0c21deba-3e6c-4c30-9a7f-06137826e0a0",
            "c457a594-2b32-4481-9736-a847105fcad0",
            "d4a97250-9be2-4ca7-8b1a-dec29b156913"
          ],
          "failures": [
            "8dd392c7-a21e-4c1a-8ece-0a369ca85bbf"
          ],
          "pending": [],
          "skipped": [],
          "duration": 13184,
          "root": false,
          "rootEmpty": false,
          "_timeout": 2000
        },
        {
          "uuid": "e8d16585-16a9-4721-8c69-08249ef64d84",
          "title": "3 - Adicione a cor **preta** como a primeira cor da paleta de cores.",
          "fullFile": "",
          "file": "",
          "beforeHooks": [],
          "afterHooks": [],
          "tests": [
            {
              "title": "Verifica se a primeira cor da paleta é preta",
              "fullTitle": "3 - Adicione a cor **preta** como a primeira cor da paleta de cores. Verifica se a primeira cor da paleta é preta",
              "timedOut": null,
              "duration": 1065,
              "state": "passed",
              "speed": "slow",
              "pass": true,
              "fail": false,
              "pending": false,
              "context": null,
              "code": "cy.get('.color').first().should('have.css', 'background-color', BLACK);",
              "err": {},
              "uuid": "cd849d02-6b86-4806-a4e4-861e13a56ba2",
              "parentUUID": "e8d16585-16a9-4721-8c69-08249ef64d84",
              "isHook": false,
              "skipped": false
            },
            {
              "title": "Verifica se as demais cores podem ser escolhidas livremente.",
              "fullTitle": "3 - Adicione a cor **preta** como a primeira cor da paleta de cores. Verifica se as demais cores podem ser escolhidas livremente.",
              "timedOut": null,
              "duration": 1064,
              "state": "passed",
              "speed": "slow",
              "pass": true,
              "fail": false,
              "pending": false,
              "context": null,
              "code": "cy.get('.color').eq(1).should('not.have.css', 'background-color', BLACK);\ncy.get('.color').eq(1).should('not.have.css', 'background-color', WHITE);\ncy.get('.color').eq(1).should('not.have.css', 'background-color', 'rgba(0, 0, 0, 0)');\ncy.get('.color').eq(1).should('have.css', 'background-color');\ncy.get('.color').eq(2).should('not.have.css', 'background-color', BLACK);\ncy.get('.color').eq(2).should('not.have.css', 'background-color', WHITE);\ncy.get('.color').eq(2).should('not.have.css', 'background-color', 'rgba(0, 0, 0, 0)');\ncy.get('.color').eq(2).should('have.css', 'background-color');\ncy.get('.color').eq(3).should('not.have.css', 'background-color', BLACK);\ncy.get('.color').eq(3).should('not.have.css', 'background-color', WHITE);\ncy.get('.color').eq(3).should('not.have.css', 'background-color', 'rgba(0, 0, 0, 0)');\ncy.get('.color').eq(3).should('have.css', 'background-color');",
              "err": {},
              "uuid": "bce8d5ea-044e-4332-bcc2-66ec82e6f508",
              "parentUUID": "e8d16585-16a9-4721-8c69-08249ef64d84",
              "isHook": false,
              "skipped": false
            }
          ],
          "suites": [],
          "passes": [
            "cd849d02-6b86-4806-a4e4-861e13a56ba2",
            "bce8d5ea-044e-4332-bcc2-66ec82e6f508"
          ],
          "failures": [],
          "pending": [],
          "skipped": [],
          "duration": 2129,
          "root": false,
          "rootEmpty": false,
          "_timeout": 2000
        },
        {
          "uuid": "e222daac-aff4-4d1a-ae99-72d20b939872",
          "title": "4 - Adicione à página um quadro de pixels, com 25 pixels.",
          "fullFile": "",
          "file": "",
          "beforeHooks": [],
          "afterHooks": [],
          "tests": [
            {
              "title": "Verifica se o quadro de pixels possui o `id` denominado `pixel-board`",
              "fullTitle": "4 - Adicione à página um quadro de pixels, com 25 pixels. Verifica se o quadro de pixels possui o `id` denominado `pixel-board`",
              "timedOut": null,
              "duration": 5310,
              "state": "failed",
              "speed": null,
              "pass": false,
              "fail": true,
              "pending": false,
              "context": null,
              "code": "cy.get('#pixel-board').should('be.visible');",
              "err": {
                "message": "CypressError: Timed out retrying: expected '<div#pixel-board>' to be 'visible'\n\nThis element '<div#pixel-board>' is not visible because it has an effective width and height of: '270 x 0' pixels.",
                "estack": "CypressError: Timed out retrying: expected '<div#pixel-board>' to be 'visible'\n\nThis element '<div#pixel-board>' is not visible because it has an effective width and height of: '270 x 0' pixels.\n    at cypressErr (http://localhost:33393/__cypress/runner/cypress_runner.js:149934:9)\n    at throwErr (http://localhost:33393/__cypress/runner/cypress_runner.js:149867:11)\n    at Object.throwErrByPath (http://localhost:33393/__cypress/runner/cypress_runner.js:149915:3)\n    at retry (http://localhost:33393/__cypress/runner/cypress_runner.js:144197:19)\n    at onFailFn (http://localhost:33393/__cypress/runner/cypress_runner.js:132448:16)\n    at tryCatcher (http://localhost:33393/__cypress/runner/cypress_runner.js:167415:23)\n    at Promise._settlePromiseFromHandler (http://localhost:33393/__cypress/runner/cypress_runner.js:165351:31)\n    at Promise._settlePromise (http://localhost:33393/__cypress/runner/cypress_runner.js:165408:18)\n    at Promise._settlePromise0 (http://localhost:33393/__cypress/runner/cypress_runner.js:165453:10)\n    at Promise._settlePromises (http://localhost:33393/__cypress/runner/cypress_runner.js:165528:18)\n    at Async../node_modules/bluebird/js/release/async.js.Async._drainQueue (http://localhost:33393/__cypress/runner/cypress_runner.js:162140:16)\n    at Async../node_modules/bluebird/js/release/async.js.Async._drainQueues (http://localhost:33393/__cypress/runner/cypress_runner.js:162150:10)\n    at Async.drainQueues (http://localhost:33393/__cypress/runner/cypress_runner.js:162024:14)",
                "diff": null
              },
              "uuid": "25d6c976-3f17-46ee-897b-b03b0e152435",
              "parentUUID": "e222daac-aff4-4d1a-ae99-72d20b939872",
              "isHook": false,
              "skipped": false
            },
            {
              "title": "Verifica se cada pixel individual dentro do quadro possui a `classe` denominada `pixel`.",
              "fullTitle": "4 - Adicione à página um quadro de pixels, com 25 pixels. Verifica se cada pixel individual dentro do quadro possui a `classe` denominada `pixel`.",
              "timedOut": null,
              "duration": 2176,
              "state": "passed",
              "speed": "slow",
              "pass": true,
              "fail": false,
              "pending": false,
              "context": null,
              "code": "cy.get('.pixel').should('have.length', 25);",
              "err": {},
              "uuid": "2e17621d-77c6-48f5-989c-cb5b44bc318b",
              "parentUUID": "e222daac-aff4-4d1a-ae99-72d20b939872",
              "isHook": false,
              "skipped": false
            },
            {
              "title": "Verifica se a cor inicial dos pixels dentro do quadro, ao abrir a página, é branca.",
              "fullTitle": "4 - Adicione à página um quadro de pixels, com 25 pixels. Verifica se a cor inicial dos pixels dentro do quadro, ao abrir a página, é branca.",
              "timedOut": null,
              "duration": 932,
              "state": "passed",
              "speed": "slow",
              "pass": true,
              "fail": false,
              "pending": false,
              "context": null,
              "code": "cy.get('.pixel').should('have.length', 25).each(function (pixel) {\n  expect(pixel).to.have.css('background-color', WHITE);\n});",
              "err": {},
              "uuid": "53ace8e8-16a2-4d3a-b223-a1c8dc2315f7",
              "parentUUID": "e222daac-aff4-4d1a-ae99-72d20b939872",
              "isHook": false,
              "skipped": false
            },
            {
              "title": "Verifica se o quadro de pixels aparece abaixo da paleta de cores",
              "fullTitle": "4 - Adicione à página um quadro de pixels, com 25 pixels. Verifica se o quadro de pixels aparece abaixo da paleta de cores",
              "timedOut": null,
              "duration": 978,
              "state": "passed",
              "speed": "slow",
              "pass": true,
              "fail": false,
              "pending": false,
              "context": null,
              "code": "cy.get('#color-palette').then(function (palette) {\n  cy.get('#pixel-board').should('be.belowOf', palette);\n});",
              "err": {},
              "uuid": "f7597538-445c-48ee-8743-bab20f427797",
              "parentUUID": "e222daac-aff4-4d1a-ae99-72d20b939872",
              "isHook": false,
              "skipped": false
            }
          ],
          "suites": [],
          "passes": [
            "2e17621d-77c6-48f5-989c-cb5b44bc318b",
            "53ace8e8-16a2-4d3a-b223-a1c8dc2315f7",
            "f7597538-445c-48ee-8743-bab20f427797"
          ],
          "failures": [
            "25d6c976-3f17-46ee-897b-b03b0e152435"
          ],
          "pending": [],
          "skipped": [],
          "duration": 9396,
          "root": false,
          "rootEmpty": false,
          "_timeout": 2000
        },
        {
          "uuid": "3347a25f-81d3-4df0-b40b-6dd8bbd43d86",
          "title": "5 - Faça com que cada elemento do quadro de pixels possua 40 pixels de largura, 40 pixels de altura e seja delimitado por uma borda preta de 1 pixel.",
          "fullFile": "",
          "file": "",
          "beforeHooks": [],
          "afterHooks": [],
          "tests": [
            {
              "title": "Verifica se o quadro de pixels tem altura e comprimento de 5 elementos",
              "fullTitle": "5 - Faça com que cada elemento do quadro de pixels possua 40 pixels de largura, 40 pixels de altura e seja delimitado por uma borda preta de 1 pixel. Verifica se o quadro de pixels tem altura e comprimento de 5 elementos",
              "timedOut": null,
              "duration": 1852,
              "state": "passed",
              "speed": "slow",
              "pass": true,
              "fail": false,
              "pending": false,
              "context": null,
              "code": "cy.get('.pixel').should('have.length', 25).each(function (pixel) {\n  expect(pixel).to.have.css('background-color', WHITE);\n}).and(function (pixels) {\n  var rows = chunk(pixels, 5);\n  rows.forEach(function (row) {\n    for (var index = 1; index < row.length; index += 1) {\n      var current = pixels[index];\n      var previous = pixels[index - 1];\n      cy.wrap(current).should('be.onTheRightOf', previous).and('be.horizontallyAlignedWith', previous);\n    }\n  });\n  for (var index = 1; index < 5; index += 1) {\n    expect(pixels[index * 5]).to.be.belowOf(pixels[(index - 1) * 5]);\n  }\n});",
              "err": {},
              "uuid": "86cea85a-619f-4c23-bc26-6173578c94d8",
              "parentUUID": "3347a25f-81d3-4df0-b40b-6dd8bbd43d86",
              "isHook": false,
              "skipped": false
            },
            {
              "title": "Verifica se 40 pixels é o tamanho total do elemento, incluindo seu conteúdo e excluindo a borda preta, que deve ser criada à parte.",
              "fullTitle": "5 - Faça com que cada elemento do quadro de pixels possua 40 pixels de largura, 40 pixels de altura e seja delimitado por uma borda preta de 1 pixel. Verifica se 40 pixels é o tamanho total do elemento, incluindo seu conteúdo e excluindo a borda preta, que deve ser criada à parte.",
              "timedOut": null,
              "duration": 1525,
              "state": "passed",
              "speed": "slow",
              "pass": true,
              "fail": false,
              "pending": false,
              "context": null,
              "code": "cy.get('.pixel').each(function (pixel) {\n  cy.wrap(pixel).should('have.css', 'height', '40px').and('have.css', 'width', '40px').and('have.css', 'border', \"1px solid \".concat(BLACK));\n});",
              "err": {},
              "uuid": "42aabe0e-7b20-4598-9f19-b60726fefd97",
              "parentUUID": "3347a25f-81d3-4df0-b40b-6dd8bbd43d86",
              "isHook": false,
              "skipped": false
            }
          ],
          "suites": [],
          "passes": [
            "86cea85a-619f-4c23-bc26-6173578c94d8",
            "42aabe0e-7b20-4598-9f19-b60726fefd97"
          ],
          "failures": [],
          "pending": [],
          "skipped": [],
          "duration": 3377,
          "root": false,
          "rootEmpty": false,
          "_timeout": 2000
        },
        {
          "uuid": "9e4ba5ed-a7fa-4cab-b701-bef2aac08229",
          "title": "6 - Defina a cor preta como cor inicial. Ao carregar a página a cor preta já deve estar selecionada para pintar os pixels",
          "fullFile": "",
          "file": "",
          "beforeHooks": [],
          "afterHooks": [],
          "tests": [
            {
              "title": "Verifica se o elemento da cor preta possui, inicialmente, a `classe` `selected`",
              "fullTitle": "6 - Defina a cor preta como cor inicial. Ao carregar a página a cor preta já deve estar selecionada para pintar os pixels Verifica se o elemento da cor preta possui, inicialmente, a `classe` `selected`",
              "timedOut": null,
              "duration": 899,
              "state": "passed",
              "speed": "slow",
              "pass": true,
              "fail": false,
              "pending": false,
              "context": null,
              "code": "cy.get('.selected').first().should('have.css', 'background-color', BLACK);",
              "err": {},
              "uuid": "e4380569-af8b-4545-957f-043b95bccef3",
              "parentUUID": "9e4ba5ed-a7fa-4cab-b701-bef2aac08229",
              "isHook": false,
              "skipped": false
            },
            {
              "title": "Verifica se nenhuma outra cor da paleta tem a `classe` `selected`",
              "fullTitle": "6 - Defina a cor preta como cor inicial. Ao carregar a página a cor preta já deve estar selecionada para pintar os pixels Verifica se nenhuma outra cor da paleta tem a `classe` `selected`",
              "timedOut": null,
              "duration": 842,
              "state": "passed",
              "speed": "slow",
              "pass": true,
              "fail": false,
              "pending": false,
              "context": null,
              "code": "cy.get('.color:not(:first-child)').each(function (color) {\n  cy.wrap(color).should('not.have.class', 'selected');\n});",
              "err": {},
              "uuid": "288d5157-b8f8-4c75-9546-3b6ed6935c9d",
              "parentUUID": "9e4ba5ed-a7fa-4cab-b701-bef2aac08229",
              "isHook": false,
              "skipped": false
            }
          ],
          "suites": [],
          "passes": [
            "e4380569-af8b-4545-957f-043b95bccef3",
            "288d5157-b8f8-4c75-9546-3b6ed6935c9d"
          ],
          "failures": [],
          "pending": [],
          "skipped": [],
          "duration": 1741,
          "root": false,
          "rootEmpty": false,
          "_timeout": 2000
        },
        {
          "uuid": "a6dacad0-896b-43c2-8912-90381ed0b0a5",
          "title": "7 - Clicar em uma das cores da paleta, faz com que ela seja selecionada e utilizada para preencher os pixels no quadro.",
          "fullFile": "",
          "file": "",
          "beforeHooks": [],
          "afterHooks": [],
          "tests": [
            {
              "title": "Verifica se somente uma cor da paleta de cores tem a classe `selected` de cada vez",
              "fullTitle": "7 - Clicar em uma das cores da paleta, faz com que ela seja selecionada e utilizada para preencher os pixels no quadro. Verifica se somente uma cor da paleta de cores tem a classe `selected` de cada vez",
              "timedOut": null,
              "duration": 1630,
              "state": "passed",
              "speed": "slow",
              "pass": true,
              "fail": false,
              "pending": false,
              "context": null,
              "code": "cy.get('.color').each(function (selectedColor, selectedColorIndex) {\n  cy.wrap(selectedColor).click();\n  cy.get('.color').each(function (color, colorIndex) {\n    if (colorIndex === selectedColorIndex) {\n      expect(color).to.have[\"class\"]('selected');\n    } else {\n      expect(color).not.to.have[\"class\"]('selected');\n    }\n  });\n});",
              "err": {},
              "uuid": "e5379acb-b629-4a10-a58c-3a5de4772b8b",
              "parentUUID": "a6dacad0-896b-43c2-8912-90381ed0b0a5",
              "isHook": false,
              "skipped": false
            },
            {
              "title": "Verifica se os pixels dentro do quadro não têm a classe `selected` quando são clicados",
              "fullTitle": "7 - Clicar em uma das cores da paleta, faz com que ela seja selecionada e utilizada para preencher os pixels no quadro. Verifica se os pixels dentro do quadro não têm a classe `selected` quando são clicados",
              "timedOut": null,
              "duration": 12792,
              "state": "passed",
              "speed": "slow",
              "pass": true,
              "fail": false,
              "pending": false,
              "context": null,
              "code": "cy.get('.color').each(function (color) {\n  var backgroundColor = color.css('background-color');\n  cy.wrap(color).click();\n  cy.get('.pixel').each(function (pixel) {\n    cy.wrap(pixel).click().should('not.have.class', 'selected');\n  });\n});",
              "err": {},
              "uuid": "892d7761-49be-489f-8b7d-1602012d38a5",
              "parentUUID": "a6dacad0-896b-43c2-8912-90381ed0b0a5",
              "isHook": false,
              "skipped": false
            }
          ],
          "suites": [],
          "passes": [
            "e5379acb-b629-4a10-a58c-3a5de4772b8b",
            "892d7761-49be-489f-8b7d-1602012d38a5"
          ],
          "failures": [],
          "pending": [],
          "skipped": [],
          "duration": 14422,
          "root": false,
          "rootEmpty": false,
          "_timeout": 2000
        },
        {
          "uuid": "8044c950-79cc-4ba4-84b9-e60f54f81496",
          "title": "8 - Clicar em um pixel dentro do quadro após selecionar uma cor na paleta, faz com que o pixel seja preenchido com a cor selecionada.",
          "fullFile": "",
          "file": "",
          "beforeHooks": [],
          "afterHooks": [],
          "tests": [
            {
              "title": "Verifica se ao carregar a página deve ser possível pintar os pixels de preto",
              "fullTitle": "8 - Clicar em um pixel dentro do quadro após selecionar uma cor na paleta, faz com que o pixel seja preenchido com a cor selecionada. Verifica se ao carregar a página deve ser possível pintar os pixels de preto",
              "timedOut": null,
              "duration": 4042,
              "state": "passed",
              "speed": "slow",
              "pass": true,
              "fail": false,
              "pending": false,
              "context": null,
              "code": "cy.get('.pixel').each(function (pixel) {\n  cy.wrap(pixel).click().should('have.css', 'background-color', BLACK);\n});",
              "err": {},
              "uuid": "02f93390-a00a-4dac-b4e3-fcf217ab5e3d",
              "parentUUID": "8044c950-79cc-4ba4-84b9-e60f54f81496",
              "isHook": false,
              "skipped": false
            },
            {
              "title": "Verifica se após selecionar uma outra cor na paleta, é possível pintar os pixels com essa cor",
              "fullTitle": "8 - Clicar em um pixel dentro do quadro após selecionar uma cor na paleta, faz com que o pixel seja preenchido com a cor selecionada. Verifica se após selecionar uma outra cor na paleta, é possível pintar os pixels com essa cor",
              "timedOut": null,
              "duration": 13303,
              "state": "passed",
              "speed": "slow",
              "pass": true,
              "fail": false,
              "pending": false,
              "context": null,
              "code": "cy.get('.color').each(function (color) {\n  var backgroundColor = color.css('background-color');\n  cy.wrap(color).click();\n  cy.get('.pixel').each(function (pixel) {\n    cy.wrap(pixel).click().should('have.css', 'background-color', backgroundColor);\n  });\n});",
              "err": {},
              "uuid": "fcbe39ab-f476-4ce3-afcb-674feeb701ff",
              "parentUUID": "8044c950-79cc-4ba4-84b9-e60f54f81496",
              "isHook": false,
              "skipped": false
            },
            {
              "title": "Verifica se somente o pixel que foi clicado foi preenchido com a cor selecionada, sem influenciar na cor dos demais pixels.",
              "fullTitle": "8 - Clicar em um pixel dentro do quadro após selecionar uma cor na paleta, faz com que o pixel seja preenchido com a cor selecionada. Verifica se somente o pixel que foi clicado foi preenchido com a cor selecionada, sem influenciar na cor dos demais pixels.",
              "timedOut": null,
              "duration": 5687,
              "state": "passed",
              "speed": "slow",
              "pass": true,
              "fail": false,
              "pending": false,
              "context": null,
              "code": "var colorToPixelIndexMap = {\n  0: 6,\n  1: 8,\n  2: 16,\n  3: 18\n};\ncy.get('.color').each(function (color, index) {\n  cy.wrap(color).click();\n  var backgroundColor = color.css('background-color');\n  var clickedPixelIndex = colorToPixelIndexMap[index];\n  cy.get('.pixel').eq(clickedPixelIndex).click();\n  cy.get('.pixel').eq(clickedPixelIndex - 1).should('not.have.css', 'background-color', backgroundColor);\n  cy.get('.pixel').eq(clickedPixelIndex + 1).should('not.have.css', 'background-color', backgroundColor);\n  cy.get('.pixel').eq(clickedPixelIndex - 5).should('not.have.css', 'background-color', backgroundColor);\n  cy.get('.pixel').eq(clickedPixelIndex + 5).should('not.have.css', 'background-color', backgroundColor);\n  cy.get('.pixel').eq(clickedPixelIndex - 6).should('not.have.css', 'background-color', backgroundColor);\n  cy.get('.pixel').eq(clickedPixelIndex - 4).should('not.have.css', 'background-color', backgroundColor);\n  cy.get('.pixel').eq(clickedPixelIndex + 4).should('not.have.css', 'background-color', backgroundColor);\n  cy.get('.pixel').eq(clickedPixelIndex + 6).should('not.have.css', 'background-color', backgroundColor);\n});",
              "err": {},
              "uuid": "b9de2d95-3cc4-4f6a-b656-957a7e1ff006",
              "parentUUID": "8044c950-79cc-4ba4-84b9-e60f54f81496",
              "isHook": false,
              "skipped": false
            }
          ],
          "suites": [],
          "passes": [
            "02f93390-a00a-4dac-b4e3-fcf217ab5e3d",
            "fcbe39ab-f476-4ce3-afcb-674feeb701ff",
            "b9de2d95-3cc4-4f6a-b656-957a7e1ff006"
          ],
          "failures": [],
          "pending": [],
          "skipped": [],
          "duration": 23032,
          "root": false,
          "rootEmpty": false,
          "_timeout": 2000
        },
        {
          "uuid": "ff5f4353-e763-4e0d-a4ab-e2f65ce9ca51",
          "title": "9 - Crie um botão que, ao ser clicado, limpa o quadro preenchendo a cor de todos seus pixels com branco.",
          "fullFile": "",
          "file": "",
          "beforeHooks": [],
          "afterHooks": [],
          "tests": [
            {
              "title": "Verifica se o botão tem o `id` denominado `clear-board`",
              "fullTitle": "9 - Crie um botão que, ao ser clicado, limpa o quadro preenchendo a cor de todos seus pixels com branco. Verifica se o botão tem o `id` denominado `clear-board`",
              "timedOut": null,
              "duration": 1357,
              "state": "passed",
              "speed": "slow",
              "pass": true,
              "fail": false,
              "pending": false,
              "context": null,
              "code": "cy.get('#clear-board').should('be.visible');",
              "err": {},
              "uuid": "4df18457-1a80-44f6-b75a-27e2a8243e2b",
              "parentUUID": "ff5f4353-e763-4e0d-a4ab-e2f65ce9ca51",
              "isHook": false,
              "skipped": false
            },
            {
              "title": "Verifica se o botão está posicionado entre a paleta de cores e o quadro de pixels",
              "fullTitle": "9 - Crie um botão que, ao ser clicado, limpa o quadro preenchendo a cor de todos seus pixels com branco. Verifica se o botão está posicionado entre a paleta de cores e o quadro de pixels",
              "timedOut": null,
              "duration": 940,
              "state": "passed",
              "speed": "slow",
              "pass": true,
              "fail": false,
              "pending": false,
              "context": null,
              "code": "cy.get('#color-palette').then(function (palette) {\n  cy.get('#clear-board').should('be.belowOf', palette);\n});\ncy.get('#clear-board').then(function (clearBtn) {\n  cy.get('#pixel-board').should('be.belowOf', clearBtn);\n});",
              "err": {},
              "uuid": "ac8f58a0-03c4-4d95-a41a-c5618afc7c01",
              "parentUUID": "ff5f4353-e763-4e0d-a4ab-e2f65ce9ca51",
              "isHook": false,
              "skipped": false
            },
            {
              "title": "Verifica se o texto do botão é 'Limpar'",
              "fullTitle": "9 - Crie um botão que, ao ser clicado, limpa o quadro preenchendo a cor de todos seus pixels com branco. Verifica se o texto do botão é 'Limpar'",
              "timedOut": null,
              "duration": 812,
              "state": "passed",
              "speed": "slow",
              "pass": true,
              "fail": false,
              "pending": false,
              "context": null,
              "code": "cy.get('#clear-board').should('contain.text', 'Limpar');",
              "err": {},
              "uuid": "d4bbbe37-8ff3-44e2-95d3-b4137757fea8",
              "parentUUID": "ff5f4353-e763-4e0d-a4ab-e2f65ce9ca51",
              "isHook": false,
              "skipped": false
            },
            {
              "title": "Verifica se ao clicar no botão, o quadro de pixels é totalmente preenchido de branco",
              "fullTitle": "9 - Crie um botão que, ao ser clicado, limpa o quadro preenchendo a cor de todos seus pixels com branco. Verifica se ao clicar no botão, o quadro de pixels é totalmente preenchido de branco",
              "timedOut": null,
              "duration": 4362,
              "state": "passed",
              "speed": "slow",
              "pass": true,
              "fail": false,
              "pending": false,
              "context": null,
              "code": "cy.get('.color').eq(1).then(function (color) {\n  var backgroundColor = color.css('background-color');\n  cy.wrap(color).click();\n  cy.get('.pixel').each(function (pixel) {\n    cy.wrap(pixel).click().should('have.css', 'background-color', backgroundColor);\n  });\n});\ncy.get('#clear-board').click();\ncy.get('.pixel').each(function (pixel) {\n  cy.wrap(pixel).should('have.css', 'background-color', WHITE);\n});",
              "err": {},
              "uuid": "06f13afe-b8fd-4ea3-a33f-007a2078fadd",
              "parentUUID": "ff5f4353-e763-4e0d-a4ab-e2f65ce9ca51",
              "isHook": false,
              "skipped": false
            }
          ],
          "suites": [],
          "passes": [
            "4df18457-1a80-44f6-b75a-27e2a8243e2b",
            "ac8f58a0-03c4-4d95-a41a-c5618afc7c01",
            "d4bbbe37-8ff3-44e2-95d3-b4137757fea8",
            "06f13afe-b8fd-4ea3-a33f-007a2078fadd"
          ],
          "failures": [],
          "pending": [],
          "skipped": [],
          "duration": 7471,
          "root": false,
          "rootEmpty": false,
          "_timeout": 2000
        },
        {
          "uuid": "e9662f80-da08-4681-a82f-262d16bc1233",
          "title": "10 - Faça o quadro de pixels ter seu tamanho definido pelo usuário.",
          "fullFile": "",
          "file": "",
          "beforeHooks": [],
          "afterHooks": [],
          "tests": [
            {
              "title": "Verifica se existe um input com o id `board-size`",
              "fullTitle": "10 - Faça o quadro de pixels ter seu tamanho definido pelo usuário. Verifica se existe um input com o id `board-size`",
              "timedOut": null,
              "duration": 5656,
              "state": "failed",
              "speed": null,
              "pass": false,
              "fail": true,
              "pending": false,
              "context": null,
              "code": "cy.get('#board-size').should('be.visible');",
              "err": {
                "message": "CypressError: Timed out retrying: Expected to find element: '#board-size', but never found it.",
                "estack": "CypressError: Timed out retrying: Expected to find element: '#board-size', but never found it.\n    at cypressErr (http://localhost:33393/__cypress/runner/cypress_runner.js:149934:9)\n    at throwErr (http://localhost:33393/__cypress/runner/cypress_runner.js:149867:11)\n    at Object.throwErrByPath (http://localhost:33393/__cypress/runner/cypress_runner.js:149915:3)\n    at retry (http://localhost:33393/__cypress/runner/cypress_runner.js:144197:19)\n    at onFailFn (http://localhost:33393/__cypress/runner/cypress_runner.js:132448:16)\n    at tryCatcher (http://localhost:33393/__cypress/runner/cypress_runner.js:167415:23)\n    at Promise._settlePromiseFromHandler (http://localhost:33393/__cypress/runner/cypress_runner.js:165351:31)\n    at Promise._settlePromise (http://localhost:33393/__cypress/runner/cypress_runner.js:165408:18)\n    at Promise._settlePromise0 (http://localhost:33393/__cypress/runner/cypress_runner.js:165453:10)\n    at Promise._settlePromises (http://localhost:33393/__cypress/runner/cypress_runner.js:165528:18)\n    at Async../node_modules/bluebird/js/release/async.js.Async._drainQueue (http://localhost:33393/__cypress/runner/cypress_runner.js:162140:16)\n    at Async../node_modules/bluebird/js/release/async.js.Async._drainQueues (http://localhost:33393/__cypress/runner/cypress_runner.js:162150:10)\n    at Async.drainQueues (http://localhost:33393/__cypress/runner/cypress_runner.js:162024:14)",
                "diff": null
              },
              "uuid": "eada3023-eea9-466a-8702-586d4641e26c",
              "parentUUID": "e9662f80-da08-4681-a82f-262d16bc1233",
              "isHook": false,
              "skipped": false
            },
            {
              "title": "Verifica se existe um botão com o id `generate-board`",
              "fullTitle": "10 - Faça o quadro de pixels ter seu tamanho definido pelo usuário. Verifica se existe um botão com o id `generate-board`",
              "timedOut": null,
              "duration": 6589,
              "state": "failed",
              "speed": null,
              "pass": false,
              "fail": true,
              "pending": false,
              "context": null,
              "code": "cy.get('#generate-board').should('be.visible');",
              "err": {
                "message": "CypressError: Timed out retrying: Expected to find element: '#generate-board', but never found it.",
                "estack": "CypressError: Timed out retrying: Expected to find element: '#generate-board', but never found it.\n    at cypressErr (http://localhost:33393/__cypress/runner/cypress_runner.js:149934:9)\n    at throwErr (http://localhost:33393/__cypress/runner/cypress_runner.js:149867:11)\n    at Object.throwErrByPath (http://localhost:33393/__cypress/runner/cypress_runner.js:149915:3)\n    at retry (http://localhost:33393/__cypress/runner/cypress_runner.js:144197:19)\n    at onFailFn (http://localhost:33393/__cypress/runner/cypress_runner.js:132448:16)\n    at tryCatcher (http://localhost:33393/__cypress/runner/cypress_runner.js:167415:23)\n    at Promise._settlePromiseFromHandler (http://localhost:33393/__cypress/runner/cypress_runner.js:165351:31)\n    at Promise._settlePromise (http://localhost:33393/__cypress/runner/cypress_runner.js:165408:18)\n    at Promise._settlePromise0 (http://localhost:33393/__cypress/runner/cypress_runner.js:165453:10)\n    at Promise._settlePromises (http://localhost:33393/__cypress/runner/cypress_runner.js:165528:18)\n    at Async../node_modules/bluebird/js/release/async.js.Async._drainQueue (http://localhost:33393/__cypress/runner/cypress_runner.js:162140:16)\n    at Async../node_modules/bluebird/js/release/async.js.Async._drainQueues (http://localhost:33393/__cypress/runner/cypress_runner.js:162150:10)\n    at Async.drainQueues (http://localhost:33393/__cypress/runner/cypress_runner.js:162024:14)",
                "diff": null
              },
              "uuid": "9f6c4eac-a2cd-414a-8880-81477837a80f",
              "parentUUID": "e9662f80-da08-4681-a82f-262d16bc1233",
              "isHook": false,
              "skipped": false
            },
            {
              "title": "Verifica se o input só aceita número maiores que zero. Essa restrição deve ser feita usando os atributos do elemento `input`",
              "fullTitle": "10 - Faça o quadro de pixels ter seu tamanho definido pelo usuário. Verifica se o input só aceita número maiores que zero. Essa restrição deve ser feita usando os atributos do elemento `input`",
              "timedOut": null,
              "duration": 7355,
              "state": "failed",
              "speed": null,
              "pass": false,
              "fail": true,
              "pending": false,
              "context": null,
              "code": "cy.get('#board-size[type=\\'number\\'][min=\\'1\\']');",
              "err": {
                "message": "CypressError: Timed out retrying: Expected to find element: '#board-size[type='number'][min='1']', but never found it.",
                "estack": "CypressError: Timed out retrying: Expected to find element: '#board-size[type='number'][min='1']', but never found it.\n    at cypressErr (http://localhost:33393/__cypress/runner/cypress_runner.js:149934:9)\n    at throwErr (http://localhost:33393/__cypress/runner/cypress_runner.js:149867:11)\n    at Object.throwErrByPath (http://localhost:33393/__cypress/runner/cypress_runner.js:149915:3)\n    at retry (http://localhost:33393/__cypress/runner/cypress_runner.js:144197:19)\n    at onFailFn (http://localhost:33393/__cypress/runner/cypress_runner.js:132448:16)\n    at tryCatcher (http://localhost:33393/__cypress/runner/cypress_runner.js:167415:23)\n    at Promise._settlePromiseFromHandler (http://localhost:33393/__cypress/runner/cypress_runner.js:165351:31)\n    at Promise._settlePromise (http://localhost:33393/__cypress/runner/cypress_runner.js:165408:18)\n    at Promise._settlePromise0 (http://localhost:33393/__cypress/runner/cypress_runner.js:165453:10)\n    at Promise._settlePromises (http://localhost:33393/__cypress/runner/cypress_runner.js:165528:18)\n    at Async../node_modules/bluebird/js/release/async.js.Async._drainQueue (http://localhost:33393/__cypress/runner/cypress_runner.js:162140:16)\n    at Async../node_modules/bluebird/js/release/async.js.Async._drainQueues (http://localhost:33393/__cypress/runner/cypress_runner.js:162150:10)\n    at Async.drainQueues (http://localhost:33393/__cypress/runner/cypress_runner.js:162024:14)",
                "diff": null
              },
              "uuid": "b07d5f9e-8261-448c-976a-cdfa035b3e3c",
              "parentUUID": "e9662f80-da08-4681-a82f-262d16bc1233",
              "isHook": false,
              "skipped": false
            },
            {
              "title": "Verifica se o botão contém o texto 'VQV'",
              "fullTitle": "10 - Faça o quadro de pixels ter seu tamanho definido pelo usuário. Verifica se o botão contém o texto 'VQV'",
              "timedOut": null,
              "duration": 6301,
              "state": "failed",
              "speed": null,
              "pass": false,
              "fail": true,
              "pending": false,
              "context": null,
              "code": "cy.get('#generate-board').contains(/vqv/i);",
              "err": {
                "message": "CypressError: Timed out retrying: Expected to find element: '#generate-board', but never found it.",
                "estack": "CypressError: Timed out retrying: Expected to find element: '#generate-board', but never found it.\n    at cypressErr (http://localhost:33393/__cypress/runner/cypress_runner.js:149934:9)\n    at throwErr (http://localhost:33393/__cypress/runner/cypress_runner.js:149867:11)\n    at Object.throwErrByPath (http://localhost:33393/__cypress/runner/cypress_runner.js:149915:3)\n    at retry (http://localhost:33393/__cypress/runner/cypress_runner.js:144197:19)\n    at onFailFn (http://localhost:33393/__cypress/runner/cypress_runner.js:132448:16)\n    at tryCatcher (http://localhost:33393/__cypress/runner/cypress_runner.js:167415:23)\n    at Promise._settlePromiseFromHandler (http://localhost:33393/__cypress/runner/cypress_runner.js:165351:31)\n    at Promise._settlePromise (http://localhost:33393/__cypress/runner/cypress_runner.js:165408:18)\n    at Promise._settlePromise0 (http://localhost:33393/__cypress/runner/cypress_runner.js:165453:10)\n    at Promise._settlePromises (http://localhost:33393/__cypress/runner/cypress_runner.js:165528:18)\n    at Async../node_modules/bluebird/js/release/async.js.Async._drainQueue (http://localhost:33393/__cypress/runner/cypress_runner.js:162140:16)\n    at Async../node_modules/bluebird/js/release/async.js.Async._drainQueues (http://localhost:33393/__cypress/runner/cypress_runner.js:162150:10)\n    at Async.drainQueues (http://localhost:33393/__cypress/runner/cypress_runner.js:162024:14)",
                "diff": null
              },
              "uuid": "facb9c6d-06dc-434d-ab79-ac08f60a8649",
              "parentUUID": "e9662f80-da08-4681-a82f-262d16bc1233",
              "isHook": false,
              "skipped": false
            },
            {
              "title": "Verifica se o input está posicionado entre a paleta de cores e o quadro de pixels",
              "fullTitle": "10 - Faça o quadro de pixels ter seu tamanho definido pelo usuário. Verifica se o input está posicionado entre a paleta de cores e o quadro de pixels",
              "timedOut": null,
              "duration": 5653,
              "state": "failed",
              "speed": null,
              "pass": false,
              "fail": true,
              "pending": false,
              "context": null,
              "code": "cy.get('#color-palette').then(function (palette) {\n  cy.get('#board-size').should('be.belowOf', palette);\n});\ncy.get('#board-size').then(function (palette) {\n  cy.get('#pixel-board').should('be.belowOf', palette);\n});",
              "err": {
                "message": "CypressError: Timed out retrying: Expected to find element: '#board-size', but never found it.",
                "estack": "CypressError: Timed out retrying: Expected to find element: '#board-size', but never found it.\n    at cypressErr (http://localhost:33393/__cypress/runner/cypress_runner.js:149934:9)\n    at throwErr (http://localhost:33393/__cypress/runner/cypress_runner.js:149867:11)\n    at Object.throwErrByPath (http://localhost:33393/__cypress/runner/cypress_runner.js:149915:3)\n    at retry (http://localhost:33393/__cypress/runner/cypress_runner.js:144197:19)\n    at onFailFn (http://localhost:33393/__cypress/runner/cypress_runner.js:132448:16)\n    at tryCatcher (http://localhost:33393/__cypress/runner/cypress_runner.js:167415:23)\n    at Promise._settlePromiseFromHandler (http://localhost:33393/__cypress/runner/cypress_runner.js:165351:31)\n    at Promise._settlePromise (http://localhost:33393/__cypress/runner/cypress_runner.js:165408:18)\n    at Promise._settlePromise0 (http://localhost:33393/__cypress/runner/cypress_runner.js:165453:10)\n    at Promise._settlePromises (http://localhost:33393/__cypress/runner/cypress_runner.js:165528:18)\n    at Async../node_modules/bluebird/js/release/async.js.Async._drainQueue (http://localhost:33393/__cypress/runner/cypress_runner.js:162140:16)\n    at Async../node_modules/bluebird/js/release/async.js.Async._drainQueues (http://localhost:33393/__cypress/runner/cypress_runner.js:162150:10)\n    at Async.drainQueues (http://localhost:33393/__cypress/runner/cypress_runner.js:162024:14)",
                "diff": null
              },
              "uuid": "a060d3e7-1d2a-4367-988b-a57ae0c750ca",
              "parentUUID": "e9662f80-da08-4681-a82f-262d16bc1233",
              "isHook": false,
              "skipped": false
            },
            {
              "title": "Verifica se o botão está posicionado ao lado do input",
              "fullTitle": "10 - Faça o quadro de pixels ter seu tamanho definido pelo usuário. Verifica se o botão está posicionado ao lado do input",
              "timedOut": null,
              "duration": 5951,
              "state": "failed",
              "speed": null,
              "pass": false,
              "fail": true,
              "pending": false,
              "context": null,
              "code": "cy.get('#board-size').then(function (board) {\n  cy.get('#generate-board').should('be.onTheRightOf', board);\n});",
              "err": {
                "message": "CypressError: Timed out retrying: Expected to find element: '#board-size', but never found it.",
                "estack": "CypressError: Timed out retrying: Expected to find element: '#board-size', but never found it.\n    at cypressErr (http://localhost:33393/__cypress/runner/cypress_runner.js:149934:9)\n    at throwErr (http://localhost:33393/__cypress/runner/cypress_runner.js:149867:11)\n    at Object.throwErrByPath (http://localhost:33393/__cypress/runner/cypress_runner.js:149915:3)\n    at retry (http://localhost:33393/__cypress/runner/cypress_runner.js:144197:19)\n    at onFailFn (http://localhost:33393/__cypress/runner/cypress_runner.js:132448:16)\n    at tryCatcher (http://localhost:33393/__cypress/runner/cypress_runner.js:167415:23)\n    at Promise._settlePromiseFromHandler (http://localhost:33393/__cypress/runner/cypress_runner.js:165351:31)\n    at Promise._settlePromise (http://localhost:33393/__cypress/runner/cypress_runner.js:165408:18)\n    at Promise._settlePromise0 (http://localhost:33393/__cypress/runner/cypress_runner.js:165453:10)\n    at Promise._settlePromises (http://localhost:33393/__cypress/runner/cypress_runner.js:165528:18)\n    at Async../node_modules/bluebird/js/release/async.js.Async._drainQueue (http://localhost:33393/__cypress/runner/cypress_runner.js:162140:16)\n    at Async../node_modules/bluebird/js/release/async.js.Async._drainQueues (http://localhost:33393/__cypress/runner/cypress_runner.js:162150:10)\n    at Async.drainQueues (http://localhost:33393/__cypress/runner/cypress_runner.js:162024:14)",
                "diff": null
              },
              "uuid": "8b2fb632-7563-474e-a6a6-b7d441d9480d",
              "parentUUID": "e9662f80-da08-4681-a82f-262d16bc1233",
              "isHook": false,
              "skipped": false
            },
            {
              "title": "Verifica se nenhum valor for colocado no input ao clicar no botão, um `alert` é exibido com o texto: 'Board inválido!'",
              "fullTitle": "10 - Faça o quadro de pixels ter seu tamanho definido pelo usuário. Verifica se nenhum valor for colocado no input ao clicar no botão, um `alert` é exibido com o texto: 'Board inválido!'",
              "timedOut": null,
              "duration": 6416,
              "state": "failed",
              "speed": null,
              "pass": false,
              "fail": true,
              "pending": false,
              "context": null,
              "code": "var alerted = false;\ncy.on('window:alert', function (msg) {\n  return alerted = msg;\n});\ncy.get('#generate-board').click().then(function () {\n  return expect(alerted).to.match(/Board inválido!/i);\n});",
              "err": {
                "message": "CypressError: Timed out retrying: Expected to find element: '#generate-board', but never found it.",
                "estack": "CypressError: Timed out retrying: Expected to find element: '#generate-board', but never found it.\n    at cypressErr (http://localhost:33393/__cypress/runner/cypress_runner.js:149934:9)\n    at throwErr (http://localhost:33393/__cypress/runner/cypress_runner.js:149867:11)\n    at Object.throwErrByPath (http://localhost:33393/__cypress/runner/cypress_runner.js:149915:3)\n    at retry (http://localhost:33393/__cypress/runner/cypress_runner.js:144197:19)\n    at onFailFn (http://localhost:33393/__cypress/runner/cypress_runner.js:132448:16)\n    at tryCatcher (http://localhost:33393/__cypress/runner/cypress_runner.js:167415:23)\n    at Promise._settlePromiseFromHandler (http://localhost:33393/__cypress/runner/cypress_runner.js:165351:31)\n    at Promise._settlePromise (http://localhost:33393/__cypress/runner/cypress_runner.js:165408:18)\n    at Promise._settlePromise0 (http://localhost:33393/__cypress/runner/cypress_runner.js:165453:10)\n    at Promise._settlePromises (http://localhost:33393/__cypress/runner/cypress_runner.js:165528:18)\n    at Async../node_modules/bluebird/js/release/async.js.Async._drainQueue (http://localhost:33393/__cypress/runner/cypress_runner.js:162140:16)\n    at Async../node_modules/bluebird/js/release/async.js.Async._drainQueues (http://localhost:33393/__cypress/runner/cypress_runner.js:162150:10)\n    at Async.drainQueues (http://localhost:33393/__cypress/runner/cypress_runner.js:162024:14)",
                "diff": null
              },
              "uuid": "ba851d8d-e6c8-43b5-8765-b33809909a5b",
              "parentUUID": "e9662f80-da08-4681-a82f-262d16bc1233",
              "isHook": false,
              "skipped": false
            },
            {
              "title": "Verifica se ao clicar no botão com um valor preenchido, o tamanho do board muda.",
              "fullTitle": "10 - Faça o quadro de pixels ter seu tamanho definido pelo usuário. Verifica se ao clicar no botão com um valor preenchido, o tamanho do board muda.",
              "timedOut": null,
              "duration": 5761,
              "state": "failed",
              "speed": null,
              "pass": false,
              "fail": true,
              "pending": false,
              "context": null,
              "code": "cy.get('#board-size').clear().type(10);\ncy.get('#generate-board').click();\ncy.get('.pixel').should('have.length', 100);",
              "err": {
                "message": "CypressError: Timed out retrying: Expected to find element: '#board-size', but never found it.",
                "estack": "CypressError: Timed out retrying: Expected to find element: '#board-size', but never found it.\n    at cypressErr (http://localhost:33393/__cypress/runner/cypress_runner.js:149934:9)\n    at throwErr (http://localhost:33393/__cypress/runner/cypress_runner.js:149867:11)\n    at Object.throwErrByPath (http://localhost:33393/__cypress/runner/cypress_runner.js:149915:3)\n    at retry (http://localhost:33393/__cypress/runner/cypress_runner.js:144197:19)\n    at onFailFn (http://localhost:33393/__cypress/runner/cypress_runner.js:132448:16)\n    at tryCatcher (http://localhost:33393/__cypress/runner/cypress_runner.js:167415:23)\n    at Promise._settlePromiseFromHandler (http://localhost:33393/__cypress/runner/cypress_runner.js:165351:31)\n    at Promise._settlePromise (http://localhost:33393/__cypress/runner/cypress_runner.js:165408:18)\n    at Promise._settlePromise0 (http://localhost:33393/__cypress/runner/cypress_runner.js:165453:10)\n    at Promise._settlePromises (http://localhost:33393/__cypress/runner/cypress_runner.js:165528:18)\n    at Async../node_modules/bluebird/js/release/async.js.Async._drainQueue (http://localhost:33393/__cypress/runner/cypress_runner.js:162140:16)\n    at Async../node_modules/bluebird/js/release/async.js.Async._drainQueues (http://localhost:33393/__cypress/runner/cypress_runner.js:162150:10)\n    at Async.drainQueues (http://localhost:33393/__cypress/runner/cypress_runner.js:162024:14)",
                "diff": null
              },
              "uuid": "2c6f195f-0dc3-4f39-bf75-2594d66261e2",
              "parentUUID": "e9662f80-da08-4681-a82f-262d16bc1233",
              "isHook": false,
              "skipped": false
            },
            {
              "title": "Verifica se o novo quadro tem todos os pixels preenchidos com a cor branca",
              "fullTitle": "10 - Faça o quadro de pixels ter seu tamanho definido pelo usuário. Verifica se o novo quadro tem todos os pixels preenchidos com a cor branca",
              "timedOut": null,
              "duration": 5692,
              "state": "failed",
              "speed": null,
              "pass": false,
              "fail": true,
              "pending": false,
              "context": null,
              "code": "cy.get('#board-size').clear().type(6);\ncy.get('#generate-board').click();\ncy.get('.pixel').should('have.length', 36).each(function (pixel) {\n  expect(pixel).to.have.css('background-color', WHITE);\n});",
              "err": {
                "message": "CypressError: Timed out retrying: Expected to find element: '#board-size', but never found it.",
                "estack": "CypressError: Timed out retrying: Expected to find element: '#board-size', but never found it.\n    at cypressErr (http://localhost:33393/__cypress/runner/cypress_runner.js:149934:9)\n    at throwErr (http://localhost:33393/__cypress/runner/cypress_runner.js:149867:11)\n    at Object.throwErrByPath (http://localhost:33393/__cypress/runner/cypress_runner.js:149915:3)\n    at retry (http://localhost:33393/__cypress/runner/cypress_runner.js:144197:19)\n    at onFailFn (http://localhost:33393/__cypress/runner/cypress_runner.js:132448:16)\n    at tryCatcher (http://localhost:33393/__cypress/runner/cypress_runner.js:167415:23)\n    at Promise._settlePromiseFromHandler (http://localhost:33393/__cypress/runner/cypress_runner.js:165351:31)\n    at Promise._settlePromise (http://localhost:33393/__cypress/runner/cypress_runner.js:165408:18)\n    at Promise._settlePromise0 (http://localhost:33393/__cypress/runner/cypress_runner.js:165453:10)\n    at Promise._settlePromises (http://localhost:33393/__cypress/runner/cypress_runner.js:165528:18)\n    at Async../node_modules/bluebird/js/release/async.js.Async._drainQueue (http://localhost:33393/__cypress/runner/cypress_runner.js:162140:16)\n    at Async../node_modules/bluebird/js/release/async.js.Async._drainQueues (http://localhost:33393/__cypress/runner/cypress_runner.js:162150:10)\n    at Async.drainQueues (http://localhost:33393/__cypress/runner/cypress_runner.js:162024:14)",
                "diff": null
              },
              "uuid": "fc629549-a1b7-4069-8bea-f4902465de13",
              "parentUUID": "e9662f80-da08-4681-a82f-262d16bc1233",
              "isHook": false,
              "skipped": false
            }
          ],
          "suites": [],
          "passes": [],
          "failures": [
            "eada3023-eea9-466a-8702-586d4641e26c",
            "9f6c4eac-a2cd-414a-8880-81477837a80f",
            "b07d5f9e-8261-448c-976a-cdfa035b3e3c",
            "facb9c6d-06dc-434d-ab79-ac08f60a8649",
            "a060d3e7-1d2a-4367-988b-a57ae0c750ca",
            "8b2fb632-7563-474e-a6a6-b7d441d9480d",
            "ba851d8d-e6c8-43b5-8765-b33809909a5b",
            "2c6f195f-0dc3-4f39-bf75-2594d66261e2",
            "fc629549-a1b7-4069-8bea-f4902465de13"
          ],
          "pending": [],
          "skipped": [],
          "duration": 55374,
          "root": false,
          "rootEmpty": false,
          "_timeout": 2000
        },
        {
          "uuid": "a458b5b3-2946-4be4-9ee2-7434db25c5d0",
          "title": "11 - Limite o tamanho mínimo e máximo do board.",
          "fullFile": "",
          "file": "",
          "beforeHooks": [],
          "afterHooks": [],
          "tests": [
            {
              "title": "Verifica se a altura máxima do board é 50",
              "fullTitle": "11 - Limite o tamanho mínimo e máximo do board. Verifica se a altura máxima do board é 50",
              "timedOut": null,
              "duration": 6302,
              "state": "failed",
              "speed": null,
              "pass": false,
              "fail": true,
              "pending": false,
              "context": null,
              "code": "cy.get('#board-size').clear().type(50);\ncy.get('#generate-board').click();\ncy.get('.pixel').should('have.length', 2500);",
              "err": {
                "message": "CypressError: Timed out retrying: Expected to find element: '#board-size', but never found it.",
                "estack": "CypressError: Timed out retrying: Expected to find element: '#board-size', but never found it.\n    at cypressErr (http://localhost:33393/__cypress/runner/cypress_runner.js:149934:9)\n    at throwErr (http://localhost:33393/__cypress/runner/cypress_runner.js:149867:11)\n    at Object.throwErrByPath (http://localhost:33393/__cypress/runner/cypress_runner.js:149915:3)\n    at retry (http://localhost:33393/__cypress/runner/cypress_runner.js:144197:19)\n    at onFailFn (http://localhost:33393/__cypress/runner/cypress_runner.js:132448:16)\n    at tryCatcher (http://localhost:33393/__cypress/runner/cypress_runner.js:167415:23)\n    at Promise._settlePromiseFromHandler (http://localhost:33393/__cypress/runner/cypress_runner.js:165351:31)\n    at Promise._settlePromise (http://localhost:33393/__cypress/runner/cypress_runner.js:165408:18)\n    at Promise._settlePromise0 (http://localhost:33393/__cypress/runner/cypress_runner.js:165453:10)\n    at Promise._settlePromises (http://localhost:33393/__cypress/runner/cypress_runner.js:165528:18)\n    at Async../node_modules/bluebird/js/release/async.js.Async._drainQueue (http://localhost:33393/__cypress/runner/cypress_runner.js:162140:16)\n    at Async../node_modules/bluebird/js/release/async.js.Async._drainQueues (http://localhost:33393/__cypress/runner/cypress_runner.js:162150:10)\n    at Async.drainQueues (http://localhost:33393/__cypress/runner/cypress_runner.js:162024:14)",
                "diff": null
              },
              "uuid": "e15843de-5ff4-437d-a67c-747f59c77050",
              "parentUUID": "a458b5b3-2946-4be4-9ee2-7434db25c5d0",
              "isHook": false,
              "skipped": false
            },
            {
              "title": "Verifica se a altura do board é 5 quando um valor menor é colocado no input",
              "fullTitle": "11 - Limite o tamanho mínimo e máximo do board. Verifica se a altura do board é 5 quando um valor menor é colocado no input",
              "timedOut": null,
              "duration": 6437,
              "state": "failed",
              "speed": null,
              "pass": false,
              "fail": true,
              "pending": false,
              "context": null,
              "code": "cy.get('#board-size').clear().type(4);\ncy.get('#generate-board').click();\ncy.get('.pixel').should('have.length', 25);",
              "err": {
                "message": "CypressError: Timed out retrying: Expected to find element: '#board-size', but never found it.",
                "estack": "CypressError: Timed out retrying: Expected to find element: '#board-size', but never found it.\n    at cypressErr (http://localhost:33393/__cypress/runner/cypress_runner.js:149934:9)\n    at throwErr (http://localhost:33393/__cypress/runner/cypress_runner.js:149867:11)\n    at Object.throwErrByPath (http://localhost:33393/__cypress/runner/cypress_runner.js:149915:3)\n    at retry (http://localhost:33393/__cypress/runner/cypress_runner.js:144197:19)\n    at onFailFn (http://localhost:33393/__cypress/runner/cypress_runner.js:132448:16)\n    at tryCatcher (http://localhost:33393/__cypress/runner/cypress_runner.js:167415:23)\n    at Promise._settlePromiseFromHandler (http://localhost:33393/__cypress/runner/cypress_runner.js:165351:31)\n    at Promise._settlePromise (http://localhost:33393/__cypress/runner/cypress_runner.js:165408:18)\n    at Promise._settlePromise0 (http://localhost:33393/__cypress/runner/cypress_runner.js:165453:10)\n    at Promise._settlePromises (http://localhost:33393/__cypress/runner/cypress_runner.js:165528:18)\n    at Async../node_modules/bluebird/js/release/async.js.Async._drainQueue (http://localhost:33393/__cypress/runner/cypress_runner.js:162140:16)\n    at Async../node_modules/bluebird/js/release/async.js.Async._drainQueues (http://localhost:33393/__cypress/runner/cypress_runner.js:162150:10)\n    at Async.drainQueues (http://localhost:33393/__cypress/runner/cypress_runner.js:162024:14)",
                "diff": null
              },
              "uuid": "dc0bcd14-5f58-45e7-b1e7-0d62e755fc1c",
              "parentUUID": "a458b5b3-2946-4be4-9ee2-7434db25c5d0",
              "isHook": false,
              "skipped": false
            },
            {
              "title": "Verifica se a altura do board é 50 quando um valor maior é colocado no input",
              "fullTitle": "11 - Limite o tamanho mínimo e máximo do board. Verifica se a altura do board é 50 quando um valor maior é colocado no input",
              "timedOut": null,
              "duration": 5653,
              "state": "failed",
              "speed": null,
              "pass": false,
              "fail": true,
              "pending": false,
              "context": null,
              "code": "cy.get('#board-size').clear().type(51);\ncy.get('#generate-board').click();\ncy.get('.pixel').should('have.length', 2500);",
              "err": {
                "message": "CypressError: Timed out retrying: Expected to find element: '#board-size', but never found it.",
                "estack": "CypressError: Timed out retrying: Expected to find element: '#board-size', but never found it.\n    at cypressErr (http://localhost:33393/__cypress/runner/cypress_runner.js:149934:9)\n    at throwErr (http://localhost:33393/__cypress/runner/cypress_runner.js:149867:11)\n    at Object.throwErrByPath (http://localhost:33393/__cypress/runner/cypress_runner.js:149915:3)\n    at retry (http://localhost:33393/__cypress/runner/cypress_runner.js:144197:19)\n    at onFailFn (http://localhost:33393/__cypress/runner/cypress_runner.js:132448:16)\n    at tryCatcher (http://localhost:33393/__cypress/runner/cypress_runner.js:167415:23)\n    at Promise._settlePromiseFromHandler (http://localhost:33393/__cypress/runner/cypress_runner.js:165351:31)\n    at Promise._settlePromise (http://localhost:33393/__cypress/runner/cypress_runner.js:165408:18)\n    at Promise._settlePromise0 (http://localhost:33393/__cypress/runner/cypress_runner.js:165453:10)\n    at Promise._settlePromises (http://localhost:33393/__cypress/runner/cypress_runner.js:165528:18)\n    at Async../node_modules/bluebird/js/release/async.js.Async._drainQueue (http://localhost:33393/__cypress/runner/cypress_runner.js:162140:16)\n    at Async../node_modules/bluebird/js/release/async.js.Async._drainQueues (http://localhost:33393/__cypress/runner/cypress_runner.js:162150:10)\n    at Async.drainQueues (http://localhost:33393/__cypress/runner/cypress_runner.js:162024:14)",
                "diff": null
              },
              "uuid": "fe6763b1-66f2-402d-a11a-a798c640ee89",
              "parentUUID": "a458b5b3-2946-4be4-9ee2-7434db25c5d0",
              "isHook": false,
              "skipped": false
            }
          ],
          "suites": [],
          "passes": [],
          "failures": [
            "e15843de-5ff4-437d-a67c-747f59c77050",
            "dc0bcd14-5f58-45e7-b1e7-0d62e755fc1c",
            "fe6763b1-66f2-402d-a11a-a798c640ee89"
          ],
          "pending": [],
          "skipped": [],
          "duration": 18392,
          "root": false,
          "rootEmpty": false,
          "_timeout": 2000
        },
        {
          "uuid": "583dba90-2ad7-4d0c-82d5-c1c89061a95b",
          "title": "12 - Faça com que as cores da paleta sejam geradas aleatoriamente ao carregar a página.",
          "fullFile": "",
          "file": "",
          "beforeHooks": [],
          "afterHooks": [],
          "tests": [
            {
              "title": "Verifica se as cores geradas na paleta são diferentes a cada carregamento da página",
              "fullTitle": "12 - Faça com que as cores da paleta sejam geradas aleatoriamente ao carregar a página. Verifica se as cores geradas na paleta são diferentes a cada carregamento da página",
              "timedOut": null,
              "duration": 2596,
              "state": "failed",
              "speed": null,
              "pass": false,
              "fail": true,
              "pending": false,
              "context": null,
              "code": "cy.get('.color').then(function (colors) {\n  var currentColors;\n  var previousColors;\n  previousColors = Array.from(colors).map(function (color) {\n    return Cypress.$(color).css('background-color');\n  });\n  for (var i = 0; i < 5; i += 1) {\n    cy.reload();\n    cy.get('.color').then(function (colors) {\n      currentColors = Array.from(colors).map(function (color) {\n        return Cypress.$(color).css('background-color');\n      });\n      expect(currentColors).not.to.deep.equal(previousColors);\n      previousColors = currentColors;\n    });\n  }\n});",
              "err": {
                "message": "AssertionError: expected [ Array(4) ] to not deeply equal [ Array(4) ]",
                "estack": "AssertionError: expected [ Array(4) ] to not deeply equal [ Array(4) ]\n    at getRet (http://localhost:33393/__cypress/runner/cypress_runner.js:136585:16)\n    at tryCatcher (http://localhost:33393/__cypress/runner/cypress_runner.js:167415:23)\n    at Function.Promise.attempt.Promise.try (http://localhost:33393/__cypress/runner/cypress_runner.js:164690:29)\n    at Context.thenFn (http://localhost:33393/__cypress/runner/cypress_runner.js:136599:23)\n    at Context.then (http://localhost:33393/__cypress/runner/cypress_runner.js:136971:21)\n    at Context.<anonymous> (http://localhost:33393/__cypress/runner/cypress_runner.js:148875:21)\n    at http://localhost:33393/__cypress/runner/cypress_runner.js:148351:33\n    at tryCatcher (http://localhost:33393/__cypress/runner/cypress_runner.js:167415:23)\n    at Promise._settlePromiseFromHandler (http://localhost:33393/__cypress/runner/cypress_runner.js:165351:31)\n    at Promise._settlePromise (http://localhost:33393/__cypress/runner/cypress_runner.js:165408:18)\n    at Promise._settlePromiseCtx (http://localhost:33393/__cypress/runner/cypress_runner.js:165445:10)\n    at Async../node_modules/bluebird/js/release/async.js.Async._drainQueue (http://localhost:33393/__cypress/runner/cypress_runner.js:162145:12)\n    at Async../node_modules/bluebird/js/release/async.js.Async._drainQueues (http://localhost:33393/__cypress/runner/cypress_runner.js:162150:10)\n    at Async.drainQueues (http://localhost:33393/__cypress/runner/cypress_runner.js:162024:14)",
                "diff": ""
              },
              "uuid": "f6ec4f0f-522f-4620-80c4-cc59e0148f06",
              "parentUUID": "583dba90-2ad7-4d0c-82d5-c1c89061a95b",
              "isHook": false,
              "skipped": false
            },
            {
              "title": "Verifica se a cor preta ainda está presente e é a primeira na sua paleta de cores",
              "fullTitle": "12 - Faça com que as cores da paleta sejam geradas aleatoriamente ao carregar a página. Verifica se a cor preta ainda está presente e é a primeira na sua paleta de cores",
              "timedOut": null,
              "duration": 1880,
              "state": "failed",
              "speed": null,
              "pass": false,
              "fail": true,
              "pending": false,
              "context": null,
              "code": "cy.get('.color').then(function (colors) {\n  var currentColors;\n  var previousColors;\n  previousColors = Array.from(colors).map(function (color) {\n    return Cypress.$(color).css('background-color');\n  });\n  expect(previousColors[0]).to.eq(BLACK);\n  for (var i = 0; i < 5; i += 1) {\n    cy.reload();\n    cy.get('.color').then(function (colors) {\n      currentColors = Array.from(colors).map(function (color) {\n        return Cypress.$(color).css('background-color');\n      });\n      expect(currentColors[0]).to.eq(BLACK);\n      expect(currentColors).not.to.deep.equal(previousColors);\n      previousColors = currentColors;\n    });\n  }\n});",
              "err": {
                "message": "AssertionError: expected [ Array(4) ] to not deeply equal [ Array(4) ]",
                "estack": "AssertionError: expected [ Array(4) ] to not deeply equal [ Array(4) ]\n    at getRet (http://localhost:33393/__cypress/runner/cypress_runner.js:136585:16)\n    at tryCatcher (http://localhost:33393/__cypress/runner/cypress_runner.js:167415:23)\n    at Function.Promise.attempt.Promise.try (http://localhost:33393/__cypress/runner/cypress_runner.js:164690:29)\n    at Context.thenFn (http://localhost:33393/__cypress/runner/cypress_runner.js:136599:23)\n    at Context.then (http://localhost:33393/__cypress/runner/cypress_runner.js:136971:21)\n    at Context.<anonymous> (http://localhost:33393/__cypress/runner/cypress_runner.js:148875:21)\n    at http://localhost:33393/__cypress/runner/cypress_runner.js:148351:33\n    at tryCatcher (http://localhost:33393/__cypress/runner/cypress_runner.js:167415:23)\n    at Promise._settlePromiseFromHandler (http://localhost:33393/__cypress/runner/cypress_runner.js:165351:31)\n    at Promise._settlePromise (http://localhost:33393/__cypress/runner/cypress_runner.js:165408:18)\n    at Promise._settlePromiseCtx (http://localhost:33393/__cypress/runner/cypress_runner.js:165445:10)\n    at Async../node_modules/bluebird/js/release/async.js.Async._drainQueue (http://localhost:33393/__cypress/runner/cypress_runner.js:162145:12)\n    at Async../node_modules/bluebird/js/release/async.js.Async._drainQueues (http://localhost:33393/__cypress/runner/cypress_runner.js:162150:10)\n    at Async.drainQueues (http://localhost:33393/__cypress/runner/cypress_runner.js:162024:14)",
                "diff": ""
              },
              "uuid": "1a0529aa-7e5d-4553-8ed3-7df8a26d2a36",
              "parentUUID": "583dba90-2ad7-4d0c-82d5-c1c89061a95b",
              "isHook": false,
              "skipped": false
            }
          ],
          "suites": [],
          "passes": [],
          "failures": [
            "f6ec4f0f-522f-4620-80c4-cc59e0148f06",
            "1a0529aa-7e5d-4553-8ed3-7df8a26d2a36"
          ],
          "pending": [],
          "skipped": [],
          "duration": 4476,
          "root": false,
          "rootEmpty": false,
          "_timeout": 2000
        }
      ],
      "passes": [],
      "failures": [],
      "pending": [],
      "skipped": [],
      "duration": 0,
      "root": true,
      "rootEmpty": true,
      "_timeout": 2000
    }
  ],
  "meta": {
    "mocha": {
      "version": "7.0.1"
    },
    "mochawesome": {
      "options": {
        "quiet": false,
        "reportFilename": "mochawesome",
        "saveHtml": false,
        "saveJson": true,
        "consoleReporter": "spec",
        "useInlineDiffs": false
      },
      "version": "4.1.0"
    },
    "marge": {
      "options": {
        "id": "default",
        "reportDir": "cypress/reports",
        "overwrite": true,
        "html": false,
        "json": true
      },
      "version": "4.1.0"
    }
  }
}