{
  "stats": {
    "suites": 12,
    "tests": 41,
    "passes": 19,
    "pending": 0,
    "failures": 22,
    "start": "2021-10-25T22:21:03.072Z",
    "end": "2021-10-25T22:24:52.606Z",
    "duration": 229534,
    "testsRegistered": 41,
    "passPercent": 46.34146341463415,
    "pendingPercent": 0,
    "other": 0,
    "hasOther": false,
    "skipped": 0,
    "hasSkipped": false
  },
  "results": [
    {
      "uuid": "b92f21d9-df8c-4571-84c1-c2729fbdc55a",
      "title": "",
      "fullFile": "cypress/integration/project.spec.js",
      "file": "cypress/integration/project.spec.js",
      "beforeHooks": [],
      "afterHooks": [],
      "tests": [],
      "suites": [
        {
          "uuid": "43b0cb8c-3e3d-4bea-860c-8d2443ed193b",
          "title": "1 - Adicione à página o título \"Paleta de Cores\".",
          "fullFile": "",
          "file": "",
          "beforeHooks": [],
          "afterHooks": [],
          "tests": [
            {
              "title": "Verifica se contém um elemento `h1` com o id `title` com o título correto",
              "fullTitle": "1 - Adicione à página o título \"Paleta de Cores\". Verifica se contém um elemento `h1` com o id `title` com o título correto",
              "timedOut": null,
              "duration": 2533,
              "state": "passed",
              "speed": "slow",
              "pass": true,
              "fail": false,
              "pending": false,
              "context": null,
              "code": "cy.get('h1#title').should('contain.text', 'Paleta de Cores');",
              "err": {},
              "uuid": "040f0455-b5b4-4a87-8ddf-d4cc1caa2a91",
              "parentUUID": "43b0cb8c-3e3d-4bea-860c-8d2443ed193b",
              "isHook": false,
              "skipped": false
            }
          ],
          "suites": [],
          "passes": [
            "040f0455-b5b4-4a87-8ddf-d4cc1caa2a91"
          ],
          "failures": [],
          "pending": [],
          "skipped": [],
          "duration": 2533,
          "root": false,
          "rootEmpty": false,
          "_timeout": 2000
        },
        {
          "uuid": "021c4d71-12d2-48a5-b349-eb21c0061e70",
          "title": "2 - Adicione à página uma paleta de quatro cores distintas.",
          "fullFile": "",
          "file": "",
          "beforeHooks": [],
          "afterHooks": [],
          "tests": [
            {
              "title": "A paleta de cores deve ser um elemento com `id` denominado `color-palette`",
              "fullTitle": "2 - Adicione à página uma paleta de quatro cores distintas. A paleta de cores deve ser um elemento com `id` denominado `color-palette`",
              "timedOut": null,
              "duration": 1318,
              "state": "passed",
              "speed": "slow",
              "pass": true,
              "fail": false,
              "pending": false,
              "context": null,
              "code": "cy.get('#color-palette').should('be.visible');\ncy.get('#color-palette').children('.color');",
              "err": {},
              "uuid": "5a36e592-e08b-46ce-abd1-978de1ed5375",
              "parentUUID": "021c4d71-12d2-48a5-b349-eb21c0061e70",
              "isHook": false,
              "skipped": false
            },
            {
              "title": "Verifica se cada cor individual da paleta de cores possui a `classe` chamada `color`.",
              "fullTitle": "2 - Adicione à página uma paleta de quatro cores distintas. Verifica se cada cor individual da paleta de cores possui a `classe` chamada `color`.",
              "timedOut": null,
              "duration": 1265,
              "state": "passed",
              "speed": "slow",
              "pass": true,
              "fail": false,
              "pending": false,
              "context": null,
              "code": "cy.get('.color').should('have.length', 4).then(function (colors) {\n  for (var i = 0; i < colors.length; i++) {\n    cy.wrap(colors[i]).should('be.visible');\n  }\n});",
              "err": {},
              "uuid": "55330172-fc76-4be6-86f9-13d9a76ab46c",
              "parentUUID": "021c4d71-12d2-48a5-b349-eb21c0061e70",
              "isHook": false,
              "skipped": false
            },
            {
              "title": "Verifica se a cor de fundo de cada elemento da paleta é a cor que o elemento representa. **A única cor não permitida na paleta é a cor branca.**",
              "fullTitle": "2 - Adicione à página uma paleta de quatro cores distintas. Verifica se a cor de fundo de cada elemento da paleta é a cor que o elemento representa. **A única cor não permitida na paleta é a cor branca.**",
              "timedOut": null,
              "duration": 1209,
              "state": "passed",
              "speed": "slow",
              "pass": true,
              "fail": false,
              "pending": false,
              "context": null,
              "code": "cy.get('.color').each(function (color) {\n  cy.wrap(color).should('have.class', 'color').and('not.have.css', 'background-color', WHITE);\n  cy.wrap(color).should('have.css', 'background-color');\n});",
              "err": {},
              "uuid": "eb5327be-9366-4fa1-b15c-c67d85093767",
              "parentUUID": "021c4d71-12d2-48a5-b349-eb21c0061e70",
              "isHook": false,
              "skipped": false
            },
            {
              "title": "Verifica se cada elemento da paleta de cores tem uma borda preta, sólida e com 1 pixel de largura;",
              "fullTitle": "2 - Adicione à página uma paleta de quatro cores distintas. Verifica se cada elemento da paleta de cores tem uma borda preta, sólida e com 1 pixel de largura;",
              "timedOut": null,
              "duration": 5916,
              "state": "failed",
              "speed": null,
              "pass": false,
              "fail": true,
              "pending": false,
              "context": null,
              "code": "cy.get('.color').each(function (color) {\n  cy.wrap(color).and('have.css', 'border', \"1px solid \".concat(BLACK)).and('have.class', 'color');\n});",
              "err": {
                "message": "CypressError: Timed out retrying: expected '<div.color.selected>' to have CSS property 'border' with the value '1px solid rgb(0, 0, 0)', but the value was '1px solid rgba(0, 0, 0, 0)'",
                "estack": "CypressError: Timed out retrying: expected '<div.color.selected>' to have CSS property 'border' with the value '1px solid rgb(0, 0, 0)', but the value was '1px solid rgba(0, 0, 0, 0)'\n    at cypressErr (http://localhost:45609/__cypress/runner/cypress_runner.js:149934:9)\n    at throwErr (http://localhost:45609/__cypress/runner/cypress_runner.js:149867:11)\n    at Object.throwErrByPath (http://localhost:45609/__cypress/runner/cypress_runner.js:149915:3)\n    at retry (http://localhost:45609/__cypress/runner/cypress_runner.js:144197:19)\n    at onFailFn (http://localhost:45609/__cypress/runner/cypress_runner.js:132448:16)\n    at tryCatcher (http://localhost:45609/__cypress/runner/cypress_runner.js:167415:23)\n    at Promise._settlePromiseFromHandler (http://localhost:45609/__cypress/runner/cypress_runner.js:165351:31)\n    at Promise._settlePromise (http://localhost:45609/__cypress/runner/cypress_runner.js:165408:18)\n    at Promise._settlePromise0 (http://localhost:45609/__cypress/runner/cypress_runner.js:165453:10)\n    at Promise._settlePromises (http://localhost:45609/__cypress/runner/cypress_runner.js:165528:18)\n    at Async../node_modules/bluebird/js/release/async.js.Async._drainQueue (http://localhost:45609/__cypress/runner/cypress_runner.js:162140:16)\n    at Async../node_modules/bluebird/js/release/async.js.Async._drainQueues (http://localhost:45609/__cypress/runner/cypress_runner.js:162150:10)\n    at Async.drainQueues (http://localhost:45609/__cypress/runner/cypress_runner.js:162024:14)",
                "diff": null
              },
              "uuid": "b4088a02-108b-4fa3-9651-1bec7ec75d8b",
              "parentUUID": "021c4d71-12d2-48a5-b349-eb21c0061e70",
              "isHook": false,
              "skipped": false
            },
            {
              "title": "Verifica se a paleta lista todas as cores disponíveis para utilização, lado a lado.",
              "fullTitle": "2 - Adicione à página uma paleta de quatro cores distintas. Verifica se a paleta lista todas as cores disponíveis para utilização, lado a lado.",
              "timedOut": null,
              "duration": 4780,
              "state": "passed",
              "speed": "slow",
              "pass": true,
              "fail": false,
              "pending": false,
              "context": null,
              "code": "cy.get('.color').then(function (colors) {\n  for (var index = 1; index < colors.length; index += 1) {\n    var currentColor = colors[index];\n    var previousColor = colors[index - 1];\n    cy.wrap(currentColor).should('be.onTheRightOf', previousColor).and('be.horizontallyAlignedWith', previousColor);\n  }\n});",
              "err": {},
              "uuid": "aff8bd3b-052e-4ffa-9a39-0ec0740ef888",
              "parentUUID": "021c4d71-12d2-48a5-b349-eb21c0061e70",
              "isHook": false,
              "skipped": false
            },
            {
              "title": "Verifica se a paleta de cores está posicionada abaixo do título 'Paleta de Cores'",
              "fullTitle": "2 - Adicione à página uma paleta de quatro cores distintas. Verifica se a paleta de cores está posicionada abaixo do título 'Paleta de Cores'",
              "timedOut": null,
              "duration": 1182,
              "state": "passed",
              "speed": "slow",
              "pass": true,
              "fail": false,
              "pending": false,
              "context": null,
              "code": "cy.get('h1#title').then(function (title) {\n  cy.get('#color-palette').should('be.belowOf', title);\n});",
              "err": {},
              "uuid": "2656493e-7738-4a72-81a1-719eb001bc05",
              "parentUUID": "021c4d71-12d2-48a5-b349-eb21c0061e70",
              "isHook": false,
              "skipped": false
            },
            {
              "title": "Verifica se a paleta de cores não contém cores repetidas.",
              "fullTitle": "2 - Adicione à página uma paleta de quatro cores distintas. Verifica se a paleta de cores não contém cores repetidas.",
              "timedOut": null,
              "duration": 2547,
              "state": "passed",
              "speed": "slow",
              "pass": true,
              "fail": false,
              "pending": false,
              "context": null,
              "code": "cy.get('.color').then(function (colors) {\n  var allColors = Array.from(colors).map(function (color) {\n    return Cypress.$(color).css('background-color');\n  });\n  cy.log(allColors);\n  var uniqColors = (0, _toConsumableArray2[\"default\"])(new Set(allColors));\n  cy.log(uniqColors);\n  expect(allColors.length).to.eq(uniqColors.length);\n});",
              "err": {},
              "uuid": "6078df0d-22da-44c2-9218-c93dd6603a78",
              "parentUUID": "021c4d71-12d2-48a5-b349-eb21c0061e70",
              "isHook": false,
              "skipped": false
            }
          ],
          "suites": [],
          "passes": [
            "5a36e592-e08b-46ce-abd1-978de1ed5375",
            "55330172-fc76-4be6-86f9-13d9a76ab46c",
            "eb5327be-9366-4fa1-b15c-c67d85093767",
            "aff8bd3b-052e-4ffa-9a39-0ec0740ef888",
            "2656493e-7738-4a72-81a1-719eb001bc05",
            "6078df0d-22da-44c2-9218-c93dd6603a78"
          ],
          "failures": [
            "b4088a02-108b-4fa3-9651-1bec7ec75d8b"
          ],
          "pending": [],
          "skipped": [],
          "duration": 18217,
          "root": false,
          "rootEmpty": false,
          "_timeout": 2000
        },
        {
          "uuid": "3b63c60a-5298-4b73-a106-ae5320726d23",
          "title": "3 - Adicione a cor **preta** como a primeira cor da paleta de cores.",
          "fullFile": "",
          "file": "",
          "beforeHooks": [],
          "afterHooks": [],
          "tests": [
            {
              "title": "Verifica se a primeira cor da paleta é preta",
              "fullTitle": "3 - Adicione a cor **preta** como a primeira cor da paleta de cores. Verifica se a primeira cor da paleta é preta",
              "timedOut": null,
              "duration": 1161,
              "state": "passed",
              "speed": "slow",
              "pass": true,
              "fail": false,
              "pending": false,
              "context": null,
              "code": "cy.get('.color').first().should('have.css', 'background-color', BLACK);",
              "err": {},
              "uuid": "00ddf058-9173-4d21-8b3a-ff831231dad9",
              "parentUUID": "3b63c60a-5298-4b73-a106-ae5320726d23",
              "isHook": false,
              "skipped": false
            },
            {
              "title": "Verifica se as demais cores podem ser escolhidas livremente.",
              "fullTitle": "3 - Adicione a cor **preta** como a primeira cor da paleta de cores. Verifica se as demais cores podem ser escolhidas livremente.",
              "timedOut": null,
              "duration": 2065,
              "state": "passed",
              "speed": "slow",
              "pass": true,
              "fail": false,
              "pending": false,
              "context": null,
              "code": "cy.get('.color').eq(1).should('not.have.css', 'background-color', BLACK);\ncy.get('.color').eq(1).should('not.have.css', 'background-color', WHITE);\ncy.get('.color').eq(1).should('not.have.css', 'background-color', 'rgba(0, 0, 0, 0)');\ncy.get('.color').eq(1).should('have.css', 'background-color');\ncy.get('.color').eq(2).should('not.have.css', 'background-color', BLACK);\ncy.get('.color').eq(2).should('not.have.css', 'background-color', WHITE);\ncy.get('.color').eq(2).should('not.have.css', 'background-color', 'rgba(0, 0, 0, 0)');\ncy.get('.color').eq(2).should('have.css', 'background-color');\ncy.get('.color').eq(3).should('not.have.css', 'background-color', BLACK);\ncy.get('.color').eq(3).should('not.have.css', 'background-color', WHITE);\ncy.get('.color').eq(3).should('not.have.css', 'background-color', 'rgba(0, 0, 0, 0)');\ncy.get('.color').eq(3).should('have.css', 'background-color');",
              "err": {},
              "uuid": "852dcc01-8a4c-49ed-8946-4ff087c03d59",
              "parentUUID": "3b63c60a-5298-4b73-a106-ae5320726d23",
              "isHook": false,
              "skipped": false
            }
          ],
          "suites": [],
          "passes": [
            "00ddf058-9173-4d21-8b3a-ff831231dad9",
            "852dcc01-8a4c-49ed-8946-4ff087c03d59"
          ],
          "failures": [],
          "pending": [],
          "skipped": [],
          "duration": 3226,
          "root": false,
          "rootEmpty": false,
          "_timeout": 2000
        },
        {
          "uuid": "8eb51dad-e4d9-4af2-be15-d33bfd1f0e0f",
          "title": "4 - Adicione à página um quadro de pixels, com 25 pixels.",
          "fullFile": "",
          "file": "",
          "beforeHooks": [],
          "afterHooks": [],
          "tests": [
            {
              "title": "Verifica se o quadro de pixels possui o `id` denominado `pixel-board`",
              "fullTitle": "4 - Adicione à página um quadro de pixels, com 25 pixels. Verifica se o quadro de pixels possui o `id` denominado `pixel-board`",
              "timedOut": null,
              "duration": 5835,
              "state": "failed",
              "speed": null,
              "pass": false,
              "fail": true,
              "pending": false,
              "context": null,
              "code": "cy.get('#pixel-board').should('be.visible');",
              "err": {
                "message": "CypressError: Timed out retrying: expected '<div#pixel-board>' to be 'visible'\n\nThis element '<div#pixel-board>' is not visible because it has an effective width and height of: '270 x 0' pixels.",
                "estack": "CypressError: Timed out retrying: expected '<div#pixel-board>' to be 'visible'\n\nThis element '<div#pixel-board>' is not visible because it has an effective width and height of: '270 x 0' pixels.\n    at cypressErr (http://localhost:45609/__cypress/runner/cypress_runner.js:149934:9)\n    at throwErr (http://localhost:45609/__cypress/runner/cypress_runner.js:149867:11)\n    at Object.throwErrByPath (http://localhost:45609/__cypress/runner/cypress_runner.js:149915:3)\n    at retry (http://localhost:45609/__cypress/runner/cypress_runner.js:144197:19)\n    at onFailFn (http://localhost:45609/__cypress/runner/cypress_runner.js:132448:16)\n    at tryCatcher (http://localhost:45609/__cypress/runner/cypress_runner.js:167415:23)\n    at Promise._settlePromiseFromHandler (http://localhost:45609/__cypress/runner/cypress_runner.js:165351:31)\n    at Promise._settlePromise (http://localhost:45609/__cypress/runner/cypress_runner.js:165408:18)\n    at Promise._settlePromise0 (http://localhost:45609/__cypress/runner/cypress_runner.js:165453:10)\n    at Promise._settlePromises (http://localhost:45609/__cypress/runner/cypress_runner.js:165528:18)\n    at Async../node_modules/bluebird/js/release/async.js.Async._drainQueue (http://localhost:45609/__cypress/runner/cypress_runner.js:162140:16)\n    at Async../node_modules/bluebird/js/release/async.js.Async._drainQueues (http://localhost:45609/__cypress/runner/cypress_runner.js:162150:10)\n    at Async.drainQueues (http://localhost:45609/__cypress/runner/cypress_runner.js:162024:14)",
                "diff": null
              },
              "uuid": "1e3e2812-50ac-434d-8d85-367f04c9bf1d",
              "parentUUID": "8eb51dad-e4d9-4af2-be15-d33bfd1f0e0f",
              "isHook": false,
              "skipped": false
            },
            {
              "title": "Verifica se cada pixel individual dentro do quadro possui a `classe` denominada `pixel`.",
              "fullTitle": "4 - Adicione à página um quadro de pixels, com 25 pixels. Verifica se cada pixel individual dentro do quadro possui a `classe` denominada `pixel`.",
              "timedOut": null,
              "duration": 2447,
              "state": "passed",
              "speed": "slow",
              "pass": true,
              "fail": false,
              "pending": false,
              "context": null,
              "code": "cy.get('.pixel').should('have.length', 25);",
              "err": {},
              "uuid": "8fdcbd87-b194-4720-bad3-625b4c3c1567",
              "parentUUID": "8eb51dad-e4d9-4af2-be15-d33bfd1f0e0f",
              "isHook": false,
              "skipped": false
            },
            {
              "title": "Verifica se a cor inicial dos pixels dentro do quadro, ao abrir a página, é branca.",
              "fullTitle": "4 - Adicione à página um quadro de pixels, com 25 pixels. Verifica se a cor inicial dos pixels dentro do quadro, ao abrir a página, é branca.",
              "timedOut": null,
              "duration": 1049,
              "state": "passed",
              "speed": "slow",
              "pass": true,
              "fail": false,
              "pending": false,
              "context": null,
              "code": "cy.get('.pixel').should('have.length', 25).each(function (pixel) {\n  expect(pixel).to.have.css('background-color', WHITE);\n});",
              "err": {},
              "uuid": "159f8dd5-56b9-410d-9673-df96ea50f708",
              "parentUUID": "8eb51dad-e4d9-4af2-be15-d33bfd1f0e0f",
              "isHook": false,
              "skipped": false
            },
            {
              "title": "Verifica se o quadro de pixels aparece abaixo da paleta de cores",
              "fullTitle": "4 - Adicione à página um quadro de pixels, com 25 pixels. Verifica se o quadro de pixels aparece abaixo da paleta de cores",
              "timedOut": null,
              "duration": 958,
              "state": "passed",
              "speed": "slow",
              "pass": true,
              "fail": false,
              "pending": false,
              "context": null,
              "code": "cy.get('#color-palette').then(function (palette) {\n  cy.get('#pixel-board').should('be.belowOf', palette);\n});",
              "err": {},
              "uuid": "faddc928-7664-49c1-98ee-857bb2c724c2",
              "parentUUID": "8eb51dad-e4d9-4af2-be15-d33bfd1f0e0f",
              "isHook": false,
              "skipped": false
            }
          ],
          "suites": [],
          "passes": [
            "8fdcbd87-b194-4720-bad3-625b4c3c1567",
            "159f8dd5-56b9-410d-9673-df96ea50f708",
            "faddc928-7664-49c1-98ee-857bb2c724c2"
          ],
          "failures": [
            "1e3e2812-50ac-434d-8d85-367f04c9bf1d"
          ],
          "pending": [],
          "skipped": [],
          "duration": 10289,
          "root": false,
          "rootEmpty": false,
          "_timeout": 2000
        },
        {
          "uuid": "fd7f075a-cb77-4e3a-beb2-6fc35eb5d533",
          "title": "5 - Faça com que cada elemento do quadro de pixels possua 40 pixels de largura, 40 pixels de altura e seja delimitado por uma borda preta de 1 pixel.",
          "fullFile": "",
          "file": "",
          "beforeHooks": [],
          "afterHooks": [],
          "tests": [
            {
              "title": "Verifica se o quadro de pixels tem altura e comprimento de 5 elementos",
              "fullTitle": "5 - Faça com que cada elemento do quadro de pixels possua 40 pixels de largura, 40 pixels de altura e seja delimitado por uma borda preta de 1 pixel. Verifica se o quadro de pixels tem altura e comprimento de 5 elementos",
              "timedOut": null,
              "duration": 2441,
              "state": "passed",
              "speed": "slow",
              "pass": true,
              "fail": false,
              "pending": false,
              "context": null,
              "code": "cy.get('.pixel').should('have.length', 25).each(function (pixel) {\n  expect(pixel).to.have.css('background-color', WHITE);\n}).and(function (pixels) {\n  var rows = chunk(pixels, 5);\n  rows.forEach(function (row) {\n    for (var index = 1; index < row.length; index += 1) {\n      var current = pixels[index];\n      var previous = pixels[index - 1];\n      cy.wrap(current).should('be.onTheRightOf', previous).and('be.horizontallyAlignedWith', previous);\n    }\n  });\n  for (var index = 1; index < 5; index += 1) {\n    expect(pixels[index * 5]).to.be.belowOf(pixels[(index - 1) * 5]);\n  }\n});",
              "err": {},
              "uuid": "74af78f2-3bd9-48ba-9272-f1ededf6890f",
              "parentUUID": "fd7f075a-cb77-4e3a-beb2-6fc35eb5d533",
              "isHook": false,
              "skipped": false
            },
            {
              "title": "Verifica se 40 pixels é o tamanho total do elemento, incluindo seu conteúdo e excluindo a borda preta, que deve ser criada à parte.",
              "fullTitle": "5 - Faça com que cada elemento do quadro de pixels possua 40 pixels de largura, 40 pixels de altura e seja delimitado por uma borda preta de 1 pixel. Verifica se 40 pixels é o tamanho total do elemento, incluindo seu conteúdo e excluindo a borda preta, que deve ser criada à parte.",
              "timedOut": null,
              "duration": 2023,
              "state": "passed",
              "speed": "slow",
              "pass": true,
              "fail": false,
              "pending": false,
              "context": null,
              "code": "cy.get('.pixel').each(function (pixel) {\n  cy.wrap(pixel).should('have.css', 'height', '40px').and('have.css', 'width', '40px').and('have.css', 'border', \"1px solid \".concat(BLACK));\n});",
              "err": {},
              "uuid": "b573a072-5dda-402b-9f43-7154917253cb",
              "parentUUID": "fd7f075a-cb77-4e3a-beb2-6fc35eb5d533",
              "isHook": false,
              "skipped": false
            }
          ],
          "suites": [],
          "passes": [
            "74af78f2-3bd9-48ba-9272-f1ededf6890f",
            "b573a072-5dda-402b-9f43-7154917253cb"
          ],
          "failures": [],
          "pending": [],
          "skipped": [],
          "duration": 4464,
          "root": false,
          "rootEmpty": false,
          "_timeout": 2000
        },
        {
          "uuid": "bd2017f8-fc2c-487a-969f-47702394350e",
          "title": "6 - Defina a cor preta como cor inicial. Ao carregar a página a cor preta já deve estar selecionada para pintar os pixels",
          "fullFile": "",
          "file": "",
          "beforeHooks": [],
          "afterHooks": [],
          "tests": [
            {
              "title": "Verifica se o elemento da cor preta possui, inicialmente, a `classe` `selected`",
              "fullTitle": "6 - Defina a cor preta como cor inicial. Ao carregar a página a cor preta já deve estar selecionada para pintar os pixels Verifica se o elemento da cor preta possui, inicialmente, a `classe` `selected`",
              "timedOut": null,
              "duration": 957,
              "state": "passed",
              "speed": "slow",
              "pass": true,
              "fail": false,
              "pending": false,
              "context": null,
              "code": "cy.get('.selected').first().should('have.css', 'background-color', BLACK);",
              "err": {},
              "uuid": "34669f15-a401-4081-9835-aecc4ea8bd34",
              "parentUUID": "bd2017f8-fc2c-487a-969f-47702394350e",
              "isHook": false,
              "skipped": false
            },
            {
              "title": "Verifica se nenhuma outra cor da paleta tem a `classe` `selected`",
              "fullTitle": "6 - Defina a cor preta como cor inicial. Ao carregar a página a cor preta já deve estar selecionada para pintar os pixels Verifica se nenhuma outra cor da paleta tem a `classe` `selected`",
              "timedOut": null,
              "duration": 983,
              "state": "passed",
              "speed": "slow",
              "pass": true,
              "fail": false,
              "pending": false,
              "context": null,
              "code": "cy.get('.color:not(:first-child)').each(function (color) {\n  cy.wrap(color).should('not.have.class', 'selected');\n});",
              "err": {},
              "uuid": "3d63d15d-95e6-4f6f-956a-bcdbc7bc1258",
              "parentUUID": "bd2017f8-fc2c-487a-969f-47702394350e",
              "isHook": false,
              "skipped": false
            }
          ],
          "suites": [],
          "passes": [
            "34669f15-a401-4081-9835-aecc4ea8bd34",
            "3d63d15d-95e6-4f6f-956a-bcdbc7bc1258"
          ],
          "failures": [],
          "pending": [],
          "skipped": [],
          "duration": 1940,
          "root": false,
          "rootEmpty": false,
          "_timeout": 2000
        },
        {
          "uuid": "7747d025-d6f4-4541-bd5c-74e92d670091",
          "title": "7 - Clicar em uma das cores da paleta, faz com que ela seja selecionada e utilizada para preencher os pixels no quadro.",
          "fullFile": "",
          "file": "",
          "beforeHooks": [],
          "afterHooks": [],
          "tests": [
            {
              "title": "Verifica se somente uma cor da paleta de cores tem a classe `selected` de cada vez",
              "fullTitle": "7 - Clicar em uma das cores da paleta, faz com que ela seja selecionada e utilizada para preencher os pixels no quadro. Verifica se somente uma cor da paleta de cores tem a classe `selected` de cada vez",
              "timedOut": null,
              "duration": 1997,
              "state": "passed",
              "speed": "slow",
              "pass": true,
              "fail": false,
              "pending": false,
              "context": null,
              "code": "cy.get('.color').each(function (selectedColor, selectedColorIndex) {\n  cy.wrap(selectedColor).click();\n  cy.get('.color').each(function (color, colorIndex) {\n    if (colorIndex === selectedColorIndex) {\n      expect(color).to.have[\"class\"]('selected');\n    } else {\n      expect(color).not.to.have[\"class\"]('selected');\n    }\n  });\n});",
              "err": {},
              "uuid": "2e5d7d88-8a11-43fb-9b9e-47f2dc858626",
              "parentUUID": "7747d025-d6f4-4541-bd5c-74e92d670091",
              "isHook": false,
              "skipped": false
            },
            {
              "title": "Verifica se os pixels dentro do quadro não têm a classe `selected` quando são clicados",
              "fullTitle": "7 - Clicar em uma das cores da paleta, faz com que ela seja selecionada e utilizada para preencher os pixels no quadro. Verifica se os pixels dentro do quadro não têm a classe `selected` quando são clicados",
              "timedOut": null,
              "duration": 14232,
              "state": "passed",
              "speed": "slow",
              "pass": true,
              "fail": false,
              "pending": false,
              "context": null,
              "code": "cy.get('.color').each(function (color) {\n  var backgroundColor = color.css('background-color');\n  cy.wrap(color).click();\n  cy.get('.pixel').each(function (pixel) {\n    cy.wrap(pixel).click().should('not.have.class', 'selected');\n  });\n});",
              "err": {},
              "uuid": "d59aad50-8a53-4c73-8841-f072baa610b5",
              "parentUUID": "7747d025-d6f4-4541-bd5c-74e92d670091",
              "isHook": false,
              "skipped": false
            }
          ],
          "suites": [],
          "passes": [
            "2e5d7d88-8a11-43fb-9b9e-47f2dc858626",
            "d59aad50-8a53-4c73-8841-f072baa610b5"
          ],
          "failures": [],
          "pending": [],
          "skipped": [],
          "duration": 16229,
          "root": false,
          "rootEmpty": false,
          "_timeout": 2000
        },
        {
          "uuid": "cfdce53b-127b-460d-8c81-eb1733901078",
          "title": "8 - Clicar em um pixel dentro do quadro após selecionar uma cor na paleta, faz com que o pixel seja preenchido com a cor selecionada.",
          "fullFile": "",
          "file": "",
          "beforeHooks": [],
          "afterHooks": [],
          "tests": [
            {
              "title": "Verifica se ao carregar a página deve ser possível pintar os pixels de preto",
              "fullTitle": "8 - Clicar em um pixel dentro do quadro após selecionar uma cor na paleta, faz com que o pixel seja preenchido com a cor selecionada. Verifica se ao carregar a página deve ser possível pintar os pixels de preto",
              "timedOut": null,
              "duration": 6089,
              "state": "failed",
              "speed": null,
              "pass": false,
              "fail": true,
              "pending": false,
              "context": null,
              "code": "cy.get('.pixel').each(function (pixel) {\n  cy.wrap(pixel).click().should('have.css', 'background-color', BLACK);\n});",
              "err": {
                "message": "CypressError: Timed out retrying: expected '<div.pixel>' to have CSS property 'background-color' with the value 'rgb(0, 0, 0)', but the value was 'rgb(255, 255, 255)'",
                "estack": "CypressError: Timed out retrying: expected '<div.pixel>' to have CSS property 'background-color' with the value 'rgb(0, 0, 0)', but the value was 'rgb(255, 255, 255)'\n    at cypressErr (http://localhost:45609/__cypress/runner/cypress_runner.js:149934:9)\n    at throwErr (http://localhost:45609/__cypress/runner/cypress_runner.js:149867:11)\n    at Object.throwErrByPath (http://localhost:45609/__cypress/runner/cypress_runner.js:149915:3)\n    at retry (http://localhost:45609/__cypress/runner/cypress_runner.js:144197:19)\n    at onFailFn (http://localhost:45609/__cypress/runner/cypress_runner.js:132448:16)\n    at tryCatcher (http://localhost:45609/__cypress/runner/cypress_runner.js:167415:23)\n    at Promise._settlePromiseFromHandler (http://localhost:45609/__cypress/runner/cypress_runner.js:165351:31)\n    at Promise._settlePromise (http://localhost:45609/__cypress/runner/cypress_runner.js:165408:18)\n    at Promise._settlePromise0 (http://localhost:45609/__cypress/runner/cypress_runner.js:165453:10)\n    at Promise._settlePromises (http://localhost:45609/__cypress/runner/cypress_runner.js:165528:18)\n    at Async../node_modules/bluebird/js/release/async.js.Async._drainQueue (http://localhost:45609/__cypress/runner/cypress_runner.js:162140:16)\n    at Async../node_modules/bluebird/js/release/async.js.Async._drainQueues (http://localhost:45609/__cypress/runner/cypress_runner.js:162150:10)\n    at Async.drainQueues (http://localhost:45609/__cypress/runner/cypress_runner.js:162024:14)",
                "diff": null
              },
              "uuid": "bf78608e-01a2-41f6-81da-2bfe56efd11e",
              "parentUUID": "cfdce53b-127b-460d-8c81-eb1733901078",
              "isHook": false,
              "skipped": false
            },
            {
              "title": "Verifica se após selecionar uma outra cor na paleta, é possível pintar os pixels com essa cor",
              "fullTitle": "8 - Clicar em um pixel dentro do quadro após selecionar uma cor na paleta, faz com que o pixel seja preenchido com a cor selecionada. Verifica se após selecionar uma outra cor na paleta, é possível pintar os pixels com essa cor",
              "timedOut": null,
              "duration": 8000,
              "state": "failed",
              "speed": null,
              "pass": false,
              "fail": true,
              "pending": false,
              "context": null,
              "code": "cy.get('.color').each(function (color) {\n  var backgroundColor = color.css('background-color');\n  cy.wrap(color).click();\n  cy.get('.pixel').each(function (pixel) {\n    cy.wrap(pixel).click().should('have.css', 'background-color', backgroundColor);\n  });\n});",
              "err": {
                "message": "CypressError: Timed out retrying: expected '<div.pixel>' to have CSS property 'background-color' with the value 'rgb(0, 0, 0)', but the value was 'rgb(255, 255, 255)'",
                "estack": "CypressError: Timed out retrying: expected '<div.pixel>' to have CSS property 'background-color' with the value 'rgb(0, 0, 0)', but the value was 'rgb(255, 255, 255)'\n    at cypressErr (http://localhost:45609/__cypress/runner/cypress_runner.js:149934:9)\n    at throwErr (http://localhost:45609/__cypress/runner/cypress_runner.js:149867:11)\n    at Object.throwErrByPath (http://localhost:45609/__cypress/runner/cypress_runner.js:149915:3)\n    at retry (http://localhost:45609/__cypress/runner/cypress_runner.js:144197:19)\n    at onFailFn (http://localhost:45609/__cypress/runner/cypress_runner.js:132448:16)\n    at tryCatcher (http://localhost:45609/__cypress/runner/cypress_runner.js:167415:23)\n    at Promise._settlePromiseFromHandler (http://localhost:45609/__cypress/runner/cypress_runner.js:165351:31)\n    at Promise._settlePromise (http://localhost:45609/__cypress/runner/cypress_runner.js:165408:18)\n    at Promise._settlePromise0 (http://localhost:45609/__cypress/runner/cypress_runner.js:165453:10)\n    at Promise._settlePromises (http://localhost:45609/__cypress/runner/cypress_runner.js:165528:18)\n    at Async../node_modules/bluebird/js/release/async.js.Async._drainQueue (http://localhost:45609/__cypress/runner/cypress_runner.js:162140:16)\n    at Async../node_modules/bluebird/js/release/async.js.Async._drainQueues (http://localhost:45609/__cypress/runner/cypress_runner.js:162150:10)\n    at Async.drainQueues (http://localhost:45609/__cypress/runner/cypress_runner.js:162024:14)",
                "diff": null
              },
              "uuid": "42ddc665-ca0d-4b0a-afd5-d2ffab7b8f63",
              "parentUUID": "cfdce53b-127b-460d-8c81-eb1733901078",
              "isHook": false,
              "skipped": false
            },
            {
              "title": "Verifica se somente o pixel que foi clicado foi preenchido com a cor selecionada, sem influenciar na cor dos demais pixels.",
              "fullTitle": "8 - Clicar em um pixel dentro do quadro após selecionar uma cor na paleta, faz com que o pixel seja preenchido com a cor selecionada. Verifica se somente o pixel que foi clicado foi preenchido com a cor selecionada, sem influenciar na cor dos demais pixels.",
              "timedOut": null,
              "duration": 24077,
              "state": "passed",
              "speed": "slow",
              "pass": true,
              "fail": false,
              "pending": false,
              "context": null,
              "code": "var colorToPixelIndexMap = {\n  0: 6,\n  1: 8,\n  2: 16,\n  3: 18\n};\ncy.get('.color').each(function (color, index) {\n  cy.wrap(color).click();\n  var backgroundColor = color.css('background-color');\n  var clickedPixelIndex = colorToPixelIndexMap[index];\n  cy.get('.pixel').eq(clickedPixelIndex).click();\n  cy.get('.pixel').eq(clickedPixelIndex - 1).should('not.have.css', 'background-color', backgroundColor);\n  cy.get('.pixel').eq(clickedPixelIndex + 1).should('not.have.css', 'background-color', backgroundColor);\n  cy.get('.pixel').eq(clickedPixelIndex - 5).should('not.have.css', 'background-color', backgroundColor);\n  cy.get('.pixel').eq(clickedPixelIndex + 5).should('not.have.css', 'background-color', backgroundColor);\n  cy.get('.pixel').eq(clickedPixelIndex - 6).should('not.have.css', 'background-color', backgroundColor);\n  cy.get('.pixel').eq(clickedPixelIndex - 4).should('not.have.css', 'background-color', backgroundColor);\n  cy.get('.pixel').eq(clickedPixelIndex + 4).should('not.have.css', 'background-color', backgroundColor);\n  cy.get('.pixel').eq(clickedPixelIndex + 6).should('not.have.css', 'background-color', backgroundColor);\n});",
              "err": {},
              "uuid": "6fec5379-e25a-445e-bd11-b3f9bcbf00cb",
              "parentUUID": "cfdce53b-127b-460d-8c81-eb1733901078",
              "isHook": false,
              "skipped": false
            }
          ],
          "suites": [],
          "passes": [
            "6fec5379-e25a-445e-bd11-b3f9bcbf00cb"
          ],
          "failures": [
            "bf78608e-01a2-41f6-81da-2bfe56efd11e",
            "42ddc665-ca0d-4b0a-afd5-d2ffab7b8f63"
          ],
          "pending": [],
          "skipped": [],
          "duration": 38166,
          "root": false,
          "rootEmpty": false,
          "_timeout": 2000
        },
        {
          "uuid": "758774de-34f5-444d-906a-6d2d62b6b530",
          "title": "9 - Crie um botão que, ao ser clicado, limpa o quadro preenchendo a cor de todos seus pixels com branco.",
          "fullFile": "",
          "file": "",
          "beforeHooks": [],
          "afterHooks": [],
          "tests": [
            {
              "title": "Verifica se o botão tem o `id` denominado `clear-board`",
              "fullTitle": "9 - Crie um botão que, ao ser clicado, limpa o quadro preenchendo a cor de todos seus pixels com branco. Verifica se o botão tem o `id` denominado `clear-board`",
              "timedOut": null,
              "duration": 5914,
              "state": "failed",
              "speed": null,
              "pass": false,
              "fail": true,
              "pending": false,
              "context": null,
              "code": "cy.get('#clear-board').should('be.visible');",
              "err": {
                "message": "CypressError: Timed out retrying: Expected to find element: '#clear-board', but never found it.",
                "estack": "CypressError: Timed out retrying: Expected to find element: '#clear-board', but never found it.\n    at cypressErr (http://localhost:45609/__cypress/runner/cypress_runner.js:149934:9)\n    at throwErr (http://localhost:45609/__cypress/runner/cypress_runner.js:149867:11)\n    at Object.throwErrByPath (http://localhost:45609/__cypress/runner/cypress_runner.js:149915:3)\n    at retry (http://localhost:45609/__cypress/runner/cypress_runner.js:144197:19)\n    at onFailFn (http://localhost:45609/__cypress/runner/cypress_runner.js:132448:16)\n    at tryCatcher (http://localhost:45609/__cypress/runner/cypress_runner.js:167415:23)\n    at Promise._settlePromiseFromHandler (http://localhost:45609/__cypress/runner/cypress_runner.js:165351:31)\n    at Promise._settlePromise (http://localhost:45609/__cypress/runner/cypress_runner.js:165408:18)\n    at Promise._settlePromise0 (http://localhost:45609/__cypress/runner/cypress_runner.js:165453:10)\n    at Promise._settlePromises (http://localhost:45609/__cypress/runner/cypress_runner.js:165528:18)\n    at Async../node_modules/bluebird/js/release/async.js.Async._drainQueue (http://localhost:45609/__cypress/runner/cypress_runner.js:162140:16)\n    at Async../node_modules/bluebird/js/release/async.js.Async._drainQueues (http://localhost:45609/__cypress/runner/cypress_runner.js:162150:10)\n    at Async.drainQueues (http://localhost:45609/__cypress/runner/cypress_runner.js:162024:14)",
                "diff": null
              },
              "uuid": "281b155d-292b-4cac-9d6c-9fce6b20601a",
              "parentUUID": "758774de-34f5-444d-906a-6d2d62b6b530",
              "isHook": false,
              "skipped": false
            },
            {
              "title": "Verifica se o botão está posicionado entre a paleta de cores e o quadro de pixels",
              "fullTitle": "9 - Crie um botão que, ao ser clicado, limpa o quadro preenchendo a cor de todos seus pixels com branco. Verifica se o botão está posicionado entre a paleta de cores e o quadro de pixels",
              "timedOut": null,
              "duration": 6808,
              "state": "failed",
              "speed": null,
              "pass": false,
              "fail": true,
              "pending": false,
              "context": null,
              "code": "cy.get('#color-palette').then(function (palette) {\n  cy.get('#clear-board').should('be.belowOf', palette);\n});\ncy.get('#clear-board').then(function (clearBtn) {\n  cy.get('#pixel-board').should('be.belowOf', clearBtn);\n});",
              "err": {
                "message": "CypressError: Timed out retrying: Expected to find element: '#clear-board', but never found it.",
                "estack": "CypressError: Timed out retrying: Expected to find element: '#clear-board', but never found it.\n    at cypressErr (http://localhost:45609/__cypress/runner/cypress_runner.js:149934:9)\n    at throwErr (http://localhost:45609/__cypress/runner/cypress_runner.js:149867:11)\n    at Object.throwErrByPath (http://localhost:45609/__cypress/runner/cypress_runner.js:149915:3)\n    at retry (http://localhost:45609/__cypress/runner/cypress_runner.js:144197:19)\n    at onFailFn (http://localhost:45609/__cypress/runner/cypress_runner.js:132448:16)\n    at tryCatcher (http://localhost:45609/__cypress/runner/cypress_runner.js:167415:23)\n    at Promise._settlePromiseFromHandler (http://localhost:45609/__cypress/runner/cypress_runner.js:165351:31)\n    at Promise._settlePromise (http://localhost:45609/__cypress/runner/cypress_runner.js:165408:18)\n    at Promise._settlePromise0 (http://localhost:45609/__cypress/runner/cypress_runner.js:165453:10)\n    at Promise._settlePromises (http://localhost:45609/__cypress/runner/cypress_runner.js:165528:18)\n    at Async../node_modules/bluebird/js/release/async.js.Async._drainQueue (http://localhost:45609/__cypress/runner/cypress_runner.js:162140:16)\n    at Async../node_modules/bluebird/js/release/async.js.Async._drainQueues (http://localhost:45609/__cypress/runner/cypress_runner.js:162150:10)\n    at Async.drainQueues (http://localhost:45609/__cypress/runner/cypress_runner.js:162024:14)",
                "diff": null
              },
              "uuid": "0566554d-2df3-4275-bf5b-7636d078434e",
              "parentUUID": "758774de-34f5-444d-906a-6d2d62b6b530",
              "isHook": false,
              "skipped": false
            },
            {
              "title": "Verifica se o texto do botão é 'Limpar'",
              "fullTitle": "9 - Crie um botão que, ao ser clicado, limpa o quadro preenchendo a cor de todos seus pixels com branco. Verifica se o texto do botão é 'Limpar'",
              "timedOut": null,
              "duration": 7352,
              "state": "failed",
              "speed": null,
              "pass": false,
              "fail": true,
              "pending": false,
              "context": null,
              "code": "cy.get('#clear-board').should('contain.text', 'Limpar');",
              "err": {
                "message": "CypressError: Timed out retrying: Expected to find element: '#clear-board', but never found it.",
                "estack": "CypressError: Timed out retrying: Expected to find element: '#clear-board', but never found it.\n    at cypressErr (http://localhost:45609/__cypress/runner/cypress_runner.js:149934:9)\n    at throwErr (http://localhost:45609/__cypress/runner/cypress_runner.js:149867:11)\n    at Object.throwErrByPath (http://localhost:45609/__cypress/runner/cypress_runner.js:149915:3)\n    at retry (http://localhost:45609/__cypress/runner/cypress_runner.js:144197:19)\n    at onFailFn (http://localhost:45609/__cypress/runner/cypress_runner.js:132448:16)\n    at tryCatcher (http://localhost:45609/__cypress/runner/cypress_runner.js:167415:23)\n    at Promise._settlePromiseFromHandler (http://localhost:45609/__cypress/runner/cypress_runner.js:165351:31)\n    at Promise._settlePromise (http://localhost:45609/__cypress/runner/cypress_runner.js:165408:18)\n    at Promise._settlePromise0 (http://localhost:45609/__cypress/runner/cypress_runner.js:165453:10)\n    at Promise._settlePromises (http://localhost:45609/__cypress/runner/cypress_runner.js:165528:18)\n    at Async../node_modules/bluebird/js/release/async.js.Async._drainQueue (http://localhost:45609/__cypress/runner/cypress_runner.js:162140:16)\n    at Async../node_modules/bluebird/js/release/async.js.Async._drainQueues (http://localhost:45609/__cypress/runner/cypress_runner.js:162150:10)\n    at Async.drainQueues (http://localhost:45609/__cypress/runner/cypress_runner.js:162024:14)",
                "diff": null
              },
              "uuid": "2a0e42d8-0f40-4ebf-b085-98db27438ac6",
              "parentUUID": "758774de-34f5-444d-906a-6d2d62b6b530",
              "isHook": false,
              "skipped": false
            },
            {
              "title": "Verifica se ao clicar no botão, o quadro de pixels é totalmente preenchido de branco",
              "fullTitle": "9 - Crie um botão que, ao ser clicado, limpa o quadro preenchendo a cor de todos seus pixels com branco. Verifica se ao clicar no botão, o quadro de pixels é totalmente preenchido de branco",
              "timedOut": null,
              "duration": 8635,
              "state": "failed",
              "speed": null,
              "pass": false,
              "fail": true,
              "pending": false,
              "context": null,
              "code": "cy.get('.color').eq(1).then(function (color) {\n  var backgroundColor = color.css('background-color');\n  cy.wrap(color).click();\n  cy.get('.pixel').each(function (pixel) {\n    cy.wrap(pixel).click().should('have.css', 'background-color', backgroundColor);\n  });\n});\ncy.get('#clear-board').click();\ncy.get('.pixel').each(function (pixel) {\n  cy.wrap(pixel).should('have.css', 'background-color', WHITE);\n});",
              "err": {
                "message": "CypressError: Timed out retrying: expected '<div.pixel>' to have CSS property 'background-color' with the value 'rgb(95, 158, 160)', but the value was 'rgb(255, 255, 255)'",
                "estack": "CypressError: Timed out retrying: expected '<div.pixel>' to have CSS property 'background-color' with the value 'rgb(95, 158, 160)', but the value was 'rgb(255, 255, 255)'\n    at cypressErr (http://localhost:45609/__cypress/runner/cypress_runner.js:149934:9)\n    at throwErr (http://localhost:45609/__cypress/runner/cypress_runner.js:149867:11)\n    at Object.throwErrByPath (http://localhost:45609/__cypress/runner/cypress_runner.js:149915:3)\n    at retry (http://localhost:45609/__cypress/runner/cypress_runner.js:144197:19)\n    at onFailFn (http://localhost:45609/__cypress/runner/cypress_runner.js:132448:16)\n    at tryCatcher (http://localhost:45609/__cypress/runner/cypress_runner.js:167415:23)\n    at Promise._settlePromiseFromHandler (http://localhost:45609/__cypress/runner/cypress_runner.js:165351:31)\n    at Promise._settlePromise (http://localhost:45609/__cypress/runner/cypress_runner.js:165408:18)\n    at Promise._settlePromise0 (http://localhost:45609/__cypress/runner/cypress_runner.js:165453:10)\n    at Promise._settlePromises (http://localhost:45609/__cypress/runner/cypress_runner.js:165528:18)\n    at Async../node_modules/bluebird/js/release/async.js.Async._drainQueue (http://localhost:45609/__cypress/runner/cypress_runner.js:162140:16)\n    at Async../node_modules/bluebird/js/release/async.js.Async._drainQueues (http://localhost:45609/__cypress/runner/cypress_runner.js:162150:10)\n    at Async.drainQueues (http://localhost:45609/__cypress/runner/cypress_runner.js:162024:14)",
                "diff": null
              },
              "uuid": "579892c5-22fc-4f63-ba9d-d5fc28b7e67d",
              "parentUUID": "758774de-34f5-444d-906a-6d2d62b6b530",
              "isHook": false,
              "skipped": false
            }
          ],
          "suites": [],
          "passes": [],
          "failures": [
            "281b155d-292b-4cac-9d6c-9fce6b20601a",
            "0566554d-2df3-4275-bf5b-7636d078434e",
            "2a0e42d8-0f40-4ebf-b085-98db27438ac6",
            "579892c5-22fc-4f63-ba9d-d5fc28b7e67d"
          ],
          "pending": [],
          "skipped": [],
          "duration": 28709,
          "root": false,
          "rootEmpty": false,
          "_timeout": 2000
        },
        {
          "uuid": "6c1a6ba2-5e5f-4304-b35d-c7f49b1fcf8b",
          "title": "10 - Faça o quadro de pixels ter seu tamanho definido pelo usuário.",
          "fullFile": "",
          "file": "",
          "beforeHooks": [],
          "afterHooks": [],
          "tests": [
            {
              "title": "Verifica se existe um input com o id `board-size`",
              "fullTitle": "10 - Faça o quadro de pixels ter seu tamanho definido pelo usuário. Verifica se existe um input com o id `board-size`",
              "timedOut": null,
              "duration": 6697,
              "state": "failed",
              "speed": null,
              "pass": false,
              "fail": true,
              "pending": false,
              "context": null,
              "code": "cy.get('#board-size').should('be.visible');",
              "err": {
                "message": "CypressError: Timed out retrying: Expected to find element: '#board-size', but never found it.",
                "estack": "CypressError: Timed out retrying: Expected to find element: '#board-size', but never found it.\n    at cypressErr (http://localhost:45609/__cypress/runner/cypress_runner.js:149934:9)\n    at throwErr (http://localhost:45609/__cypress/runner/cypress_runner.js:149867:11)\n    at Object.throwErrByPath (http://localhost:45609/__cypress/runner/cypress_runner.js:149915:3)\n    at retry (http://localhost:45609/__cypress/runner/cypress_runner.js:144197:19)\n    at onFailFn (http://localhost:45609/__cypress/runner/cypress_runner.js:132448:16)\n    at tryCatcher (http://localhost:45609/__cypress/runner/cypress_runner.js:167415:23)\n    at Promise._settlePromiseFromHandler (http://localhost:45609/__cypress/runner/cypress_runner.js:165351:31)\n    at Promise._settlePromise (http://localhost:45609/__cypress/runner/cypress_runner.js:165408:18)\n    at Promise._settlePromise0 (http://localhost:45609/__cypress/runner/cypress_runner.js:165453:10)\n    at Promise._settlePromises (http://localhost:45609/__cypress/runner/cypress_runner.js:165528:18)\n    at Async../node_modules/bluebird/js/release/async.js.Async._drainQueue (http://localhost:45609/__cypress/runner/cypress_runner.js:162140:16)\n    at Async../node_modules/bluebird/js/release/async.js.Async._drainQueues (http://localhost:45609/__cypress/runner/cypress_runner.js:162150:10)\n    at Async.drainQueues (http://localhost:45609/__cypress/runner/cypress_runner.js:162024:14)",
                "diff": null
              },
              "uuid": "f509aadc-32c3-4935-a857-b671f9ecd89f",
              "parentUUID": "6c1a6ba2-5e5f-4304-b35d-c7f49b1fcf8b",
              "isHook": false,
              "skipped": false
            },
            {
              "title": "Verifica se existe um botão com o id `generate-board`",
              "fullTitle": "10 - Faça o quadro de pixels ter seu tamanho definido pelo usuário. Verifica se existe um botão com o id `generate-board`",
              "timedOut": null,
              "duration": 6867,
              "state": "failed",
              "speed": null,
              "pass": false,
              "fail": true,
              "pending": false,
              "context": null,
              "code": "cy.get('#generate-board').should('be.visible');",
              "err": {
                "message": "CypressError: Timed out retrying: Expected to find element: '#generate-board', but never found it.",
                "estack": "CypressError: Timed out retrying: Expected to find element: '#generate-board', but never found it.\n    at cypressErr (http://localhost:45609/__cypress/runner/cypress_runner.js:149934:9)\n    at throwErr (http://localhost:45609/__cypress/runner/cypress_runner.js:149867:11)\n    at Object.throwErrByPath (http://localhost:45609/__cypress/runner/cypress_runner.js:149915:3)\n    at retry (http://localhost:45609/__cypress/runner/cypress_runner.js:144197:19)\n    at onFailFn (http://localhost:45609/__cypress/runner/cypress_runner.js:132448:16)\n    at tryCatcher (http://localhost:45609/__cypress/runner/cypress_runner.js:167415:23)\n    at Promise._settlePromiseFromHandler (http://localhost:45609/__cypress/runner/cypress_runner.js:165351:31)\n    at Promise._settlePromise (http://localhost:45609/__cypress/runner/cypress_runner.js:165408:18)\n    at Promise._settlePromise0 (http://localhost:45609/__cypress/runner/cypress_runner.js:165453:10)\n    at Promise._settlePromises (http://localhost:45609/__cypress/runner/cypress_runner.js:165528:18)\n    at Async../node_modules/bluebird/js/release/async.js.Async._drainQueue (http://localhost:45609/__cypress/runner/cypress_runner.js:162140:16)\n    at Async../node_modules/bluebird/js/release/async.js.Async._drainQueues (http://localhost:45609/__cypress/runner/cypress_runner.js:162150:10)\n    at Async.drainQueues (http://localhost:45609/__cypress/runner/cypress_runner.js:162024:14)",
                "diff": null
              },
              "uuid": "4e38b2a6-fd92-438a-9cc3-c4faedab01ba",
              "parentUUID": "6c1a6ba2-5e5f-4304-b35d-c7f49b1fcf8b",
              "isHook": false,
              "skipped": false
            },
            {
              "title": "Verifica se o input só aceita número maiores que zero. Essa restrição deve ser feita usando os atributos do elemento `input`",
              "fullTitle": "10 - Faça o quadro de pixels ter seu tamanho definido pelo usuário. Verifica se o input só aceita número maiores que zero. Essa restrição deve ser feita usando os atributos do elemento `input`",
              "timedOut": null,
              "duration": 7040,
              "state": "failed",
              "speed": null,
              "pass": false,
              "fail": true,
              "pending": false,
              "context": null,
              "code": "cy.get('#board-size[type=\\'number\\'][min=\\'1\\']');",
              "err": {
                "message": "CypressError: Timed out retrying: Expected to find element: '#board-size[type='number'][min='1']', but never found it.",
                "estack": "CypressError: Timed out retrying: Expected to find element: '#board-size[type='number'][min='1']', but never found it.\n    at cypressErr (http://localhost:45609/__cypress/runner/cypress_runner.js:149934:9)\n    at throwErr (http://localhost:45609/__cypress/runner/cypress_runner.js:149867:11)\n    at Object.throwErrByPath (http://localhost:45609/__cypress/runner/cypress_runner.js:149915:3)\n    at retry (http://localhost:45609/__cypress/runner/cypress_runner.js:144197:19)\n    at onFailFn (http://localhost:45609/__cypress/runner/cypress_runner.js:132448:16)\n    at tryCatcher (http://localhost:45609/__cypress/runner/cypress_runner.js:167415:23)\n    at Promise._settlePromiseFromHandler (http://localhost:45609/__cypress/runner/cypress_runner.js:165351:31)\n    at Promise._settlePromise (http://localhost:45609/__cypress/runner/cypress_runner.js:165408:18)\n    at Promise._settlePromise0 (http://localhost:45609/__cypress/runner/cypress_runner.js:165453:10)\n    at Promise._settlePromises (http://localhost:45609/__cypress/runner/cypress_runner.js:165528:18)\n    at Async../node_modules/bluebird/js/release/async.js.Async._drainQueue (http://localhost:45609/__cypress/runner/cypress_runner.js:162140:16)\n    at Async../node_modules/bluebird/js/release/async.js.Async._drainQueues (http://localhost:45609/__cypress/runner/cypress_runner.js:162150:10)\n    at Async.drainQueues (http://localhost:45609/__cypress/runner/cypress_runner.js:162024:14)",
                "diff": null
              },
              "uuid": "f7cae0c6-ed29-4ef6-bf1a-25bf4c007015",
              "parentUUID": "6c1a6ba2-5e5f-4304-b35d-c7f49b1fcf8b",
              "isHook": false,
              "skipped": false
            },
            {
              "title": "Verifica se o botão contém o texto 'VQV'",
              "fullTitle": "10 - Faça o quadro de pixels ter seu tamanho definido pelo usuário. Verifica se o botão contém o texto 'VQV'",
              "timedOut": null,
              "duration": 6610,
              "state": "failed",
              "speed": null,
              "pass": false,
              "fail": true,
              "pending": false,
              "context": null,
              "code": "cy.get('#generate-board').contains(/vqv/i);",
              "err": {
                "message": "CypressError: Timed out retrying: Expected to find element: '#generate-board', but never found it.",
                "estack": "CypressError: Timed out retrying: Expected to find element: '#generate-board', but never found it.\n    at cypressErr (http://localhost:45609/__cypress/runner/cypress_runner.js:149934:9)\n    at throwErr (http://localhost:45609/__cypress/runner/cypress_runner.js:149867:11)\n    at Object.throwErrByPath (http://localhost:45609/__cypress/runner/cypress_runner.js:149915:3)\n    at retry (http://localhost:45609/__cypress/runner/cypress_runner.js:144197:19)\n    at onFailFn (http://localhost:45609/__cypress/runner/cypress_runner.js:132448:16)\n    at tryCatcher (http://localhost:45609/__cypress/runner/cypress_runner.js:167415:23)\n    at Promise._settlePromiseFromHandler (http://localhost:45609/__cypress/runner/cypress_runner.js:165351:31)\n    at Promise._settlePromise (http://localhost:45609/__cypress/runner/cypress_runner.js:165408:18)\n    at Promise._settlePromise0 (http://localhost:45609/__cypress/runner/cypress_runner.js:165453:10)\n    at Promise._settlePromises (http://localhost:45609/__cypress/runner/cypress_runner.js:165528:18)\n    at Async../node_modules/bluebird/js/release/async.js.Async._drainQueue (http://localhost:45609/__cypress/runner/cypress_runner.js:162140:16)\n    at Async../node_modules/bluebird/js/release/async.js.Async._drainQueues (http://localhost:45609/__cypress/runner/cypress_runner.js:162150:10)\n    at Async.drainQueues (http://localhost:45609/__cypress/runner/cypress_runner.js:162024:14)",
                "diff": null
              },
              "uuid": "ebd0ec7e-362e-4b5a-89f0-e3b571c44a22",
              "parentUUID": "6c1a6ba2-5e5f-4304-b35d-c7f49b1fcf8b",
              "isHook": false,
              "skipped": false
            },
            {
              "title": "Verifica se o input está posicionado entre a paleta de cores e o quadro de pixels",
              "fullTitle": "10 - Faça o quadro de pixels ter seu tamanho definido pelo usuário. Verifica se o input está posicionado entre a paleta de cores e o quadro de pixels",
              "timedOut": null,
              "duration": 7179,
              "state": "failed",
              "speed": null,
              "pass": false,
              "fail": true,
              "pending": false,
              "context": null,
              "code": "cy.get('#color-palette').then(function (palette) {\n  cy.get('#board-size').should('be.belowOf', palette);\n});\ncy.get('#board-size').then(function (palette) {\n  cy.get('#pixel-board').should('be.belowOf', palette);\n});",
              "err": {
                "message": "CypressError: Timed out retrying: Expected to find element: '#board-size', but never found it.",
                "estack": "CypressError: Timed out retrying: Expected to find element: '#board-size', but never found it.\n    at cypressErr (http://localhost:45609/__cypress/runner/cypress_runner.js:149934:9)\n    at throwErr (http://localhost:45609/__cypress/runner/cypress_runner.js:149867:11)\n    at Object.throwErrByPath (http://localhost:45609/__cypress/runner/cypress_runner.js:149915:3)\n    at retry (http://localhost:45609/__cypress/runner/cypress_runner.js:144197:19)\n    at onFailFn (http://localhost:45609/__cypress/runner/cypress_runner.js:132448:16)\n    at tryCatcher (http://localhost:45609/__cypress/runner/cypress_runner.js:167415:23)\n    at Promise._settlePromiseFromHandler (http://localhost:45609/__cypress/runner/cypress_runner.js:165351:31)\n    at Promise._settlePromise (http://localhost:45609/__cypress/runner/cypress_runner.js:165408:18)\n    at Promise._settlePromise0 (http://localhost:45609/__cypress/runner/cypress_runner.js:165453:10)\n    at Promise._settlePromises (http://localhost:45609/__cypress/runner/cypress_runner.js:165528:18)\n    at Async../node_modules/bluebird/js/release/async.js.Async._drainQueue (http://localhost:45609/__cypress/runner/cypress_runner.js:162140:16)\n    at Async../node_modules/bluebird/js/release/async.js.Async._drainQueues (http://localhost:45609/__cypress/runner/cypress_runner.js:162150:10)\n    at Async.drainQueues (http://localhost:45609/__cypress/runner/cypress_runner.js:162024:14)",
                "diff": null
              },
              "uuid": "82a76445-2700-4600-ade0-336850f837e8",
              "parentUUID": "6c1a6ba2-5e5f-4304-b35d-c7f49b1fcf8b",
              "isHook": false,
              "skipped": false
            },
            {
              "title": "Verifica se o botão está posicionado ao lado do input",
              "fullTitle": "10 - Faça o quadro de pixels ter seu tamanho definido pelo usuário. Verifica se o botão está posicionado ao lado do input",
              "timedOut": null,
              "duration": 7333,
              "state": "failed",
              "speed": null,
              "pass": false,
              "fail": true,
              "pending": false,
              "context": null,
              "code": "cy.get('#board-size').then(function (board) {\n  cy.get('#generate-board').should('be.onTheRightOf', board);\n});",
              "err": {
                "message": "CypressError: Timed out retrying: Expected to find element: '#board-size', but never found it.",
                "estack": "CypressError: Timed out retrying: Expected to find element: '#board-size', but never found it.\n    at cypressErr (http://localhost:45609/__cypress/runner/cypress_runner.js:149934:9)\n    at throwErr (http://localhost:45609/__cypress/runner/cypress_runner.js:149867:11)\n    at Object.throwErrByPath (http://localhost:45609/__cypress/runner/cypress_runner.js:149915:3)\n    at retry (http://localhost:45609/__cypress/runner/cypress_runner.js:144197:19)\n    at onFailFn (http://localhost:45609/__cypress/runner/cypress_runner.js:132448:16)\n    at tryCatcher (http://localhost:45609/__cypress/runner/cypress_runner.js:167415:23)\n    at Promise._settlePromiseFromHandler (http://localhost:45609/__cypress/runner/cypress_runner.js:165351:31)\n    at Promise._settlePromise (http://localhost:45609/__cypress/runner/cypress_runner.js:165408:18)\n    at Promise._settlePromise0 (http://localhost:45609/__cypress/runner/cypress_runner.js:165453:10)\n    at Promise._settlePromises (http://localhost:45609/__cypress/runner/cypress_runner.js:165528:18)\n    at Async../node_modules/bluebird/js/release/async.js.Async._drainQueue (http://localhost:45609/__cypress/runner/cypress_runner.js:162140:16)\n    at Async../node_modules/bluebird/js/release/async.js.Async._drainQueues (http://localhost:45609/__cypress/runner/cypress_runner.js:162150:10)\n    at Async.drainQueues (http://localhost:45609/__cypress/runner/cypress_runner.js:162024:14)",
                "diff": null
              },
              "uuid": "2e91bbeb-3358-4f9f-976b-51e49155f1e3",
              "parentUUID": "6c1a6ba2-5e5f-4304-b35d-c7f49b1fcf8b",
              "isHook": false,
              "skipped": false
            },
            {
              "title": "Verifica se nenhum valor for colocado no input ao clicar no botão, um `alert` é exibido com o texto: 'Board inválido!'",
              "fullTitle": "10 - Faça o quadro de pixels ter seu tamanho definido pelo usuário. Verifica se nenhum valor for colocado no input ao clicar no botão, um `alert` é exibido com o texto: 'Board inválido!'",
              "timedOut": null,
              "duration": 6721,
              "state": "failed",
              "speed": null,
              "pass": false,
              "fail": true,
              "pending": false,
              "context": null,
              "code": "var alerted = false;\ncy.on('window:alert', function (msg) {\n  return alerted = msg;\n});\ncy.get('#generate-board').click().then(function () {\n  return expect(alerted).to.match(/Board inválido!/i);\n});",
              "err": {
                "message": "CypressError: Timed out retrying: Expected to find element: '#generate-board', but never found it.",
                "estack": "CypressError: Timed out retrying: Expected to find element: '#generate-board', but never found it.\n    at cypressErr (http://localhost:45609/__cypress/runner/cypress_runner.js:149934:9)\n    at throwErr (http://localhost:45609/__cypress/runner/cypress_runner.js:149867:11)\n    at Object.throwErrByPath (http://localhost:45609/__cypress/runner/cypress_runner.js:149915:3)\n    at retry (http://localhost:45609/__cypress/runner/cypress_runner.js:144197:19)\n    at onFailFn (http://localhost:45609/__cypress/runner/cypress_runner.js:132448:16)\n    at tryCatcher (http://localhost:45609/__cypress/runner/cypress_runner.js:167415:23)\n    at Promise._settlePromiseFromHandler (http://localhost:45609/__cypress/runner/cypress_runner.js:165351:31)\n    at Promise._settlePromise (http://localhost:45609/__cypress/runner/cypress_runner.js:165408:18)\n    at Promise._settlePromise0 (http://localhost:45609/__cypress/runner/cypress_runner.js:165453:10)\n    at Promise._settlePromises (http://localhost:45609/__cypress/runner/cypress_runner.js:165528:18)\n    at Async../node_modules/bluebird/js/release/async.js.Async._drainQueue (http://localhost:45609/__cypress/runner/cypress_runner.js:162140:16)\n    at Async../node_modules/bluebird/js/release/async.js.Async._drainQueues (http://localhost:45609/__cypress/runner/cypress_runner.js:162150:10)\n    at Async.drainQueues (http://localhost:45609/__cypress/runner/cypress_runner.js:162024:14)",
                "diff": null
              },
              "uuid": "351099ae-84c4-4977-bfe8-c8e335bd51aa",
              "parentUUID": "6c1a6ba2-5e5f-4304-b35d-c7f49b1fcf8b",
              "isHook": false,
              "skipped": false
            },
            {
              "title": "Verifica se ao clicar no botão com um valor preenchido, o tamanho do board muda.",
              "fullTitle": "10 - Faça o quadro de pixels ter seu tamanho definido pelo usuário. Verifica se ao clicar no botão com um valor preenchido, o tamanho do board muda.",
              "timedOut": null,
              "duration": 7218,
              "state": "failed",
              "speed": null,
              "pass": false,
              "fail": true,
              "pending": false,
              "context": null,
              "code": "cy.get('#board-size').clear().type(10);\ncy.get('#generate-board').click();\ncy.get('.pixel').should('have.length', 100);",
              "err": {
                "message": "CypressError: Timed out retrying: Expected to find element: '#board-size', but never found it.",
                "estack": "CypressError: Timed out retrying: Expected to find element: '#board-size', but never found it.\n    at cypressErr (http://localhost:45609/__cypress/runner/cypress_runner.js:149934:9)\n    at throwErr (http://localhost:45609/__cypress/runner/cypress_runner.js:149867:11)\n    at Object.throwErrByPath (http://localhost:45609/__cypress/runner/cypress_runner.js:149915:3)\n    at retry (http://localhost:45609/__cypress/runner/cypress_runner.js:144197:19)\n    at onFailFn (http://localhost:45609/__cypress/runner/cypress_runner.js:132448:16)\n    at tryCatcher (http://localhost:45609/__cypress/runner/cypress_runner.js:167415:23)\n    at Promise._settlePromiseFromHandler (http://localhost:45609/__cypress/runner/cypress_runner.js:165351:31)\n    at Promise._settlePromise (http://localhost:45609/__cypress/runner/cypress_runner.js:165408:18)\n    at Promise._settlePromise0 (http://localhost:45609/__cypress/runner/cypress_runner.js:165453:10)\n    at Promise._settlePromises (http://localhost:45609/__cypress/runner/cypress_runner.js:165528:18)\n    at Async../node_modules/bluebird/js/release/async.js.Async._drainQueue (http://localhost:45609/__cypress/runner/cypress_runner.js:162140:16)\n    at Async../node_modules/bluebird/js/release/async.js.Async._drainQueues (http://localhost:45609/__cypress/runner/cypress_runner.js:162150:10)\n    at Async.drainQueues (http://localhost:45609/__cypress/runner/cypress_runner.js:162024:14)",
                "diff": null
              },
              "uuid": "8734de27-4f14-477f-9552-bf18e4ffbede",
              "parentUUID": "6c1a6ba2-5e5f-4304-b35d-c7f49b1fcf8b",
              "isHook": false,
              "skipped": false
            },
            {
              "title": "Verifica se o novo quadro tem todos os pixels preenchidos com a cor branca",
              "fullTitle": "10 - Faça o quadro de pixels ter seu tamanho definido pelo usuário. Verifica se o novo quadro tem todos os pixels preenchidos com a cor branca",
              "timedOut": null,
              "duration": 6837,
              "state": "failed",
              "speed": null,
              "pass": false,
              "fail": true,
              "pending": false,
              "context": null,
              "code": "cy.get('#board-size').clear().type(6);\ncy.get('#generate-board').click();\ncy.get('.pixel').should('have.length', 36).each(function (pixel) {\n  expect(pixel).to.have.css('background-color', WHITE);\n});",
              "err": {
                "message": "CypressError: Timed out retrying: Expected to find element: '#board-size', but never found it.",
                "estack": "CypressError: Timed out retrying: Expected to find element: '#board-size', but never found it.\n    at cypressErr (http://localhost:45609/__cypress/runner/cypress_runner.js:149934:9)\n    at throwErr (http://localhost:45609/__cypress/runner/cypress_runner.js:149867:11)\n    at Object.throwErrByPath (http://localhost:45609/__cypress/runner/cypress_runner.js:149915:3)\n    at retry (http://localhost:45609/__cypress/runner/cypress_runner.js:144197:19)\n    at onFailFn (http://localhost:45609/__cypress/runner/cypress_runner.js:132448:16)\n    at tryCatcher (http://localhost:45609/__cypress/runner/cypress_runner.js:167415:23)\n    at Promise._settlePromiseFromHandler (http://localhost:45609/__cypress/runner/cypress_runner.js:165351:31)\n    at Promise._settlePromise (http://localhost:45609/__cypress/runner/cypress_runner.js:165408:18)\n    at Promise._settlePromise0 (http://localhost:45609/__cypress/runner/cypress_runner.js:165453:10)\n    at Promise._settlePromises (http://localhost:45609/__cypress/runner/cypress_runner.js:165528:18)\n    at Async../node_modules/bluebird/js/release/async.js.Async._drainQueue (http://localhost:45609/__cypress/runner/cypress_runner.js:162140:16)\n    at Async../node_modules/bluebird/js/release/async.js.Async._drainQueues (http://localhost:45609/__cypress/runner/cypress_runner.js:162150:10)\n    at Async.drainQueues (http://localhost:45609/__cypress/runner/cypress_runner.js:162024:14)",
                "diff": null
              },
              "uuid": "96df74c3-f405-4264-af1f-4facc54b17ea",
              "parentUUID": "6c1a6ba2-5e5f-4304-b35d-c7f49b1fcf8b",
              "isHook": false,
              "skipped": false
            }
          ],
          "suites": [],
          "passes": [],
          "failures": [
            "f509aadc-32c3-4935-a857-b671f9ecd89f",
            "4e38b2a6-fd92-438a-9cc3-c4faedab01ba",
            "f7cae0c6-ed29-4ef6-bf1a-25bf4c007015",
            "ebd0ec7e-362e-4b5a-89f0-e3b571c44a22",
            "82a76445-2700-4600-ade0-336850f837e8",
            "2e91bbeb-3358-4f9f-976b-51e49155f1e3",
            "351099ae-84c4-4977-bfe8-c8e335bd51aa",
            "8734de27-4f14-477f-9552-bf18e4ffbede",
            "96df74c3-f405-4264-af1f-4facc54b17ea"
          ],
          "pending": [],
          "skipped": [],
          "duration": 62502,
          "root": false,
          "rootEmpty": false,
          "_timeout": 2000
        },
        {
          "uuid": "edb942a4-f7bc-4cec-bf97-416e468da77f",
          "title": "11 - Limite o tamanho mínimo e máximo do board.",
          "fullFile": "",
          "file": "",
          "beforeHooks": [],
          "afterHooks": [],
          "tests": [
            {
              "title": "Verifica se a altura máxima do board é 50",
              "fullTitle": "11 - Limite o tamanho mínimo e máximo do board. Verifica se a altura máxima do board é 50",
              "timedOut": null,
              "duration": 6975,
              "state": "failed",
              "speed": null,
              "pass": false,
              "fail": true,
              "pending": false,
              "context": null,
              "code": "cy.get('#board-size').clear().type(50);\ncy.get('#generate-board').click();\ncy.get('.pixel').should('have.length', 2500);",
              "err": {
                "message": "CypressError: Timed out retrying: Expected to find element: '#board-size', but never found it.",
                "estack": "CypressError: Timed out retrying: Expected to find element: '#board-size', but never found it.\n    at cypressErr (http://localhost:45609/__cypress/runner/cypress_runner.js:149934:9)\n    at throwErr (http://localhost:45609/__cypress/runner/cypress_runner.js:149867:11)\n    at Object.throwErrByPath (http://localhost:45609/__cypress/runner/cypress_runner.js:149915:3)\n    at retry (http://localhost:45609/__cypress/runner/cypress_runner.js:144197:19)\n    at onFailFn (http://localhost:45609/__cypress/runner/cypress_runner.js:132448:16)\n    at tryCatcher (http://localhost:45609/__cypress/runner/cypress_runner.js:167415:23)\n    at Promise._settlePromiseFromHandler (http://localhost:45609/__cypress/runner/cypress_runner.js:165351:31)\n    at Promise._settlePromise (http://localhost:45609/__cypress/runner/cypress_runner.js:165408:18)\n    at Promise._settlePromise0 (http://localhost:45609/__cypress/runner/cypress_runner.js:165453:10)\n    at Promise._settlePromises (http://localhost:45609/__cypress/runner/cypress_runner.js:165528:18)\n    at Async../node_modules/bluebird/js/release/async.js.Async._drainQueue (http://localhost:45609/__cypress/runner/cypress_runner.js:162140:16)\n    at Async../node_modules/bluebird/js/release/async.js.Async._drainQueues (http://localhost:45609/__cypress/runner/cypress_runner.js:162150:10)\n    at Async.drainQueues (http://localhost:45609/__cypress/runner/cypress_runner.js:162024:14)",
                "diff": null
              },
              "uuid": "38cab749-1f24-4f8c-8117-5d9a99f417f6",
              "parentUUID": "edb942a4-f7bc-4cec-bf97-416e468da77f",
              "isHook": false,
              "skipped": false
            },
            {
              "title": "Verifica se a altura do board é 5 quando um valor menor é colocado no input",
              "fullTitle": "11 - Limite o tamanho mínimo e máximo do board. Verifica se a altura do board é 5 quando um valor menor é colocado no input",
              "timedOut": null,
              "duration": 6627,
              "state": "failed",
              "speed": null,
              "pass": false,
              "fail": true,
              "pending": false,
              "context": null,
              "code": "cy.get('#board-size').clear().type(4);\ncy.get('#generate-board').click();\ncy.get('.pixel').should('have.length', 25);",
              "err": {
                "message": "CypressError: Timed out retrying: Expected to find element: '#board-size', but never found it.",
                "estack": "CypressError: Timed out retrying: Expected to find element: '#board-size', but never found it.\n    at cypressErr (http://localhost:45609/__cypress/runner/cypress_runner.js:149934:9)\n    at throwErr (http://localhost:45609/__cypress/runner/cypress_runner.js:149867:11)\n    at Object.throwErrByPath (http://localhost:45609/__cypress/runner/cypress_runner.js:149915:3)\n    at retry (http://localhost:45609/__cypress/runner/cypress_runner.js:144197:19)\n    at onFailFn (http://localhost:45609/__cypress/runner/cypress_runner.js:132448:16)\n    at tryCatcher (http://localhost:45609/__cypress/runner/cypress_runner.js:167415:23)\n    at Promise._settlePromiseFromHandler (http://localhost:45609/__cypress/runner/cypress_runner.js:165351:31)\n    at Promise._settlePromise (http://localhost:45609/__cypress/runner/cypress_runner.js:165408:18)\n    at Promise._settlePromise0 (http://localhost:45609/__cypress/runner/cypress_runner.js:165453:10)\n    at Promise._settlePromises (http://localhost:45609/__cypress/runner/cypress_runner.js:165528:18)\n    at Async../node_modules/bluebird/js/release/async.js.Async._drainQueue (http://localhost:45609/__cypress/runner/cypress_runner.js:162140:16)\n    at Async../node_modules/bluebird/js/release/async.js.Async._drainQueues (http://localhost:45609/__cypress/runner/cypress_runner.js:162150:10)\n    at Async.drainQueues (http://localhost:45609/__cypress/runner/cypress_runner.js:162024:14)",
                "diff": null
              },
              "uuid": "6171148c-5586-4ebd-9b29-d7b4b0c347dd",
              "parentUUID": "edb942a4-f7bc-4cec-bf97-416e468da77f",
              "isHook": false,
              "skipped": false
            },
            {
              "title": "Verifica se a altura do board é 50 quando um valor maior é colocado no input",
              "fullTitle": "11 - Limite o tamanho mínimo e máximo do board. Verifica se a altura do board é 50 quando um valor maior é colocado no input",
              "timedOut": null,
              "duration": 7029,
              "state": "failed",
              "speed": null,
              "pass": false,
              "fail": true,
              "pending": false,
              "context": null,
              "code": "cy.get('#board-size').clear().type(51);\ncy.get('#generate-board').click();\ncy.get('.pixel').should('have.length', 2500);",
              "err": {
                "message": "CypressError: Timed out retrying: Expected to find element: '#board-size', but never found it.",
                "estack": "CypressError: Timed out retrying: Expected to find element: '#board-size', but never found it.\n    at cypressErr (http://localhost:45609/__cypress/runner/cypress_runner.js:149934:9)\n    at throwErr (http://localhost:45609/__cypress/runner/cypress_runner.js:149867:11)\n    at Object.throwErrByPath (http://localhost:45609/__cypress/runner/cypress_runner.js:149915:3)\n    at retry (http://localhost:45609/__cypress/runner/cypress_runner.js:144197:19)\n    at onFailFn (http://localhost:45609/__cypress/runner/cypress_runner.js:132448:16)\n    at tryCatcher (http://localhost:45609/__cypress/runner/cypress_runner.js:167415:23)\n    at Promise._settlePromiseFromHandler (http://localhost:45609/__cypress/runner/cypress_runner.js:165351:31)\n    at Promise._settlePromise (http://localhost:45609/__cypress/runner/cypress_runner.js:165408:18)\n    at Promise._settlePromise0 (http://localhost:45609/__cypress/runner/cypress_runner.js:165453:10)\n    at Promise._settlePromises (http://localhost:45609/__cypress/runner/cypress_runner.js:165528:18)\n    at Async../node_modules/bluebird/js/release/async.js.Async._drainQueue (http://localhost:45609/__cypress/runner/cypress_runner.js:162140:16)\n    at Async../node_modules/bluebird/js/release/async.js.Async._drainQueues (http://localhost:45609/__cypress/runner/cypress_runner.js:162150:10)\n    at Async.drainQueues (http://localhost:45609/__cypress/runner/cypress_runner.js:162024:14)",
                "diff": null
              },
              "uuid": "56f7078a-1557-4ceb-892e-6fefb4aae5a3",
              "parentUUID": "edb942a4-f7bc-4cec-bf97-416e468da77f",
              "isHook": false,
              "skipped": false
            }
          ],
          "suites": [],
          "passes": [],
          "failures": [
            "38cab749-1f24-4f8c-8117-5d9a99f417f6",
            "6171148c-5586-4ebd-9b29-d7b4b0c347dd",
            "56f7078a-1557-4ceb-892e-6fefb4aae5a3"
          ],
          "pending": [],
          "skipped": [],
          "duration": 20631,
          "root": false,
          "rootEmpty": false,
          "_timeout": 2000
        },
        {
          "uuid": "ef667271-bbe5-4207-b2e7-857bc0640dd2",
          "title": "12 - Faça com que as cores da paleta sejam geradas aleatoriamente ao carregar a página.",
          "fullFile": "",
          "file": "",
          "beforeHooks": [],
          "afterHooks": [],
          "tests": [
            {
              "title": "Verifica se as cores geradas na paleta são diferentes a cada carregamento da página",
              "fullTitle": "12 - Faça com que as cores da paleta sejam geradas aleatoriamente ao carregar a página. Verifica se as cores geradas na paleta são diferentes a cada carregamento da página",
              "timedOut": null,
              "duration": 4450,
              "state": "failed",
              "speed": null,
              "pass": false,
              "fail": true,
              "pending": false,
              "context": null,
              "code": "cy.get('.color').then(function (colors) {\n  var currentColors;\n  var previousColors;\n  previousColors = Array.from(colors).map(function (color) {\n    return Cypress.$(color).css('background-color');\n  });\n  for (var i = 0; i < 5; i += 1) {\n    cy.reload();\n    cy.get('.color').then(function (colors) {\n      currentColors = Array.from(colors).map(function (color) {\n        return Cypress.$(color).css('background-color');\n      });\n      expect(currentColors).not.to.deep.equal(previousColors);\n      previousColors = currentColors;\n    });\n  }\n});",
              "err": {
                "message": "AssertionError: expected [ Array(4) ] to not deeply equal [ Array(4) ]",
                "estack": "AssertionError: expected [ Array(4) ] to not deeply equal [ Array(4) ]\n    at getRet (http://localhost:45609/__cypress/runner/cypress_runner.js:136585:16)\n    at tryCatcher (http://localhost:45609/__cypress/runner/cypress_runner.js:167415:23)\n    at Function.Promise.attempt.Promise.try (http://localhost:45609/__cypress/runner/cypress_runner.js:164690:29)\n    at Context.thenFn (http://localhost:45609/__cypress/runner/cypress_runner.js:136599:23)\n    at Context.then (http://localhost:45609/__cypress/runner/cypress_runner.js:136971:21)\n    at Context.<anonymous> (http://localhost:45609/__cypress/runner/cypress_runner.js:148875:21)\n    at http://localhost:45609/__cypress/runner/cypress_runner.js:148351:33\n    at tryCatcher (http://localhost:45609/__cypress/runner/cypress_runner.js:167415:23)\n    at Promise._settlePromiseFromHandler (http://localhost:45609/__cypress/runner/cypress_runner.js:165351:31)\n    at Promise._settlePromise (http://localhost:45609/__cypress/runner/cypress_runner.js:165408:18)\n    at Promise._settlePromiseCtx (http://localhost:45609/__cypress/runner/cypress_runner.js:165445:10)\n    at Async../node_modules/bluebird/js/release/async.js.Async._drainQueue (http://localhost:45609/__cypress/runner/cypress_runner.js:162145:12)\n    at Async../node_modules/bluebird/js/release/async.js.Async._drainQueues (http://localhost:45609/__cypress/runner/cypress_runner.js:162150:10)\n    at Async.drainQueues (http://localhost:45609/__cypress/runner/cypress_runner.js:162024:14)",
                "diff": ""
              },
              "uuid": "54c2772e-2529-4199-807c-333cb65bb2ab",
              "parentUUID": "ef667271-bbe5-4207-b2e7-857bc0640dd2",
              "isHook": false,
              "skipped": false
            },
            {
              "title": "Verifica se a cor preta ainda está presente e é a primeira na sua paleta de cores",
              "fullTitle": "12 - Faça com que as cores da paleta sejam geradas aleatoriamente ao carregar a página. Verifica se a cor preta ainda está presente e é a primeira na sua paleta de cores",
              "timedOut": null,
              "duration": 4744,
              "state": "failed",
              "speed": null,
              "pass": false,
              "fail": true,
              "pending": false,
              "context": null,
              "code": "cy.get('.color').then(function (colors) {\n  var currentColors;\n  var previousColors;\n  previousColors = Array.from(colors).map(function (color) {\n    return Cypress.$(color).css('background-color');\n  });\n  expect(previousColors[0]).to.eq(BLACK);\n  for (var i = 0; i < 5; i += 1) {\n    cy.reload();\n    cy.get('.color').then(function (colors) {\n      currentColors = Array.from(colors).map(function (color) {\n        return Cypress.$(color).css('background-color');\n      });\n      expect(currentColors[0]).to.eq(BLACK);\n      expect(currentColors).not.to.deep.equal(previousColors);\n      previousColors = currentColors;\n    });\n  }\n});",
              "err": {
                "message": "AssertionError: expected [ Array(4) ] to not deeply equal [ Array(4) ]",
                "estack": "AssertionError: expected [ Array(4) ] to not deeply equal [ Array(4) ]\n    at getRet (http://localhost:45609/__cypress/runner/cypress_runner.js:136585:16)\n    at tryCatcher (http://localhost:45609/__cypress/runner/cypress_runner.js:167415:23)\n    at Function.Promise.attempt.Promise.try (http://localhost:45609/__cypress/runner/cypress_runner.js:164690:29)\n    at Context.thenFn (http://localhost:45609/__cypress/runner/cypress_runner.js:136599:23)\n    at Context.then (http://localhost:45609/__cypress/runner/cypress_runner.js:136971:21)\n    at Context.<anonymous> (http://localhost:45609/__cypress/runner/cypress_runner.js:148875:21)\n    at http://localhost:45609/__cypress/runner/cypress_runner.js:148351:33\n    at tryCatcher (http://localhost:45609/__cypress/runner/cypress_runner.js:167415:23)\n    at Promise._settlePromiseFromHandler (http://localhost:45609/__cypress/runner/cypress_runner.js:165351:31)\n    at Promise._settlePromise (http://localhost:45609/__cypress/runner/cypress_runner.js:165408:18)\n    at Promise._settlePromiseCtx (http://localhost:45609/__cypress/runner/cypress_runner.js:165445:10)\n    at Async../node_modules/bluebird/js/release/async.js.Async._drainQueue (http://localhost:45609/__cypress/runner/cypress_runner.js:162145:12)\n    at Async../node_modules/bluebird/js/release/async.js.Async._drainQueues (http://localhost:45609/__cypress/runner/cypress_runner.js:162150:10)\n    at Async.drainQueues (http://localhost:45609/__cypress/runner/cypress_runner.js:162024:14)",
                "diff": ""
              },
              "uuid": "9ee2d661-01d0-41a6-ade6-9ed9412d5ed6",
              "parentUUID": "ef667271-bbe5-4207-b2e7-857bc0640dd2",
              "isHook": false,
              "skipped": false
            }
          ],
          "suites": [],
          "passes": [],
          "failures": [
            "54c2772e-2529-4199-807c-333cb65bb2ab",
            "9ee2d661-01d0-41a6-ade6-9ed9412d5ed6"
          ],
          "pending": [],
          "skipped": [],
          "duration": 9194,
          "root": false,
          "rootEmpty": false,
          "_timeout": 2000
        }
      ],
      "passes": [],
      "failures": [],
      "pending": [],
      "skipped": [],
      "duration": 0,
      "root": true,
      "rootEmpty": true,
      "_timeout": 2000
    }
  ],
  "meta": {
    "mocha": {
      "version": "7.0.1"
    },
    "mochawesome": {
      "options": {
        "quiet": false,
        "reportFilename": "mochawesome",
        "saveHtml": false,
        "saveJson": true,
        "consoleReporter": "spec",
        "useInlineDiffs": false
      },
      "version": "4.1.0"
    },
    "marge": {
      "options": {
        "id": "default",
        "reportDir": "cypress/reports",
        "overwrite": true,
        "html": false,
        "json": true
      },
      "version": "4.1.0"
    }
  }
}